{"/Users/moon/Desktop/Team Macos/con.chat/deploy-script.js": {"path":"/Users/moon/Desktop/Team Macos/con.chat/deploy-script.js","all":true,"statementMap":{"0":{"start":{"line":1,"column":0},"end":{"line":1,"column":26}},"1":{"start":{"line":2,"column":0},"end":{"line":2,"column":39}},"2":{"start":{"line":3,"column":0},"end":{"line":3,"column":24}},"3":{"start":{"line":4,"column":0},"end":{"line":4,"column":0}},"4":{"start":{"line":5,"column":0},"end":{"line":5,"column":31}},"5":{"start":{"line":6,"column":0},"end":{"line":6,"column":61}},"6":{"start":{"line":7,"column":0},"end":{"line":7,"column":2}},"7":{"start":{"line":8,"column":0},"end":{"line":8,"column":32}},"8":{"start":{"line":9,"column":0},"end":{"line":9,"column":0}},"9":{"start":{"line":10,"column":0},"end":{"line":10,"column":23}},"10":{"start":{"line":11,"column":0},"end":{"line":11,"column":33}},"11":{"start":{"line":12,"column":0},"end":{"line":12,"column":0}},"12":{"start":{"line":13,"column":0},"end":{"line":13,"column":62}},"13":{"start":{"line":14,"column":0},"end":{"line":14,"column":14}},"14":{"start":{"line":15,"column":0},"end":{"line":15,"column":74}},"15":{"start":{"line":16,"column":0},"end":{"line":16,"column":4}},"16":{"start":{"line":17,"column":0},"end":{"line":17,"column":8}},"17":{"start":{"line":18,"column":0},"end":{"line":18,"column":39}},"18":{"start":{"line":19,"column":0},"end":{"line":19,"column":0}},"19":{"start":{"line":20,"column":0},"end":{"line":20,"column":32}},"20":{"start":{"line":21,"column":0},"end":{"line":21,"column":0}},"21":{"start":{"line":22,"column":0},"end":{"line":22,"column":27}},"22":{"start":{"line":23,"column":0},"end":{"line":23,"column":0}},"23":{"start":{"line":24,"column":0},"end":{"line":24,"column":55}},"24":{"start":{"line":25,"column":0},"end":{"line":25,"column":0}},"25":{"start":{"line":26,"column":0},"end":{"line":26,"column":68}},"26":{"start":{"line":27,"column":0},"end":{"line":27,"column":1}}},"s":{"0":0,"1":0,"2":0,"3":0,"4":0,"5":0,"6":0,"7":0,"8":0,"9":0,"10":0,"11":0,"12":0,"13":0,"14":0,"15":0,"16":0,"17":0,"18":0,"19":0,"20":0,"21":0,"22":0,"23":0,"24":0,"25":0,"26":0},"branchMap":{"0":{"type":"branch","line":1,"loc":{"start":{"line":1,"column":0},"end":{"line":27,"column":-296}},"locations":[{"start":{"line":1,"column":0},"end":{"line":27,"column":-296}}]}},"b":{"0":[0]},"fnMap":{"0":{"name":"(empty-report)","decl":{"start":{"line":1,"column":0},"end":{"line":27,"column":-296}},"loc":{"start":{"line":1,"column":0},"end":{"line":27,"column":-296}},"line":1}},"f":{"0":0}}
,"/Users/moon/Desktop/Team Macos/con.chat/main.js": {"path":"/Users/moon/Desktop/Team Macos/con.chat/main.js","all":true,"statementMap":{"0":{"start":{"line":1,"column":0},"end":{"line":1,"column":27}},"1":{"start":{"line":2,"column":0},"end":{"line":2,"column":26}}},"s":{"0":0,"1":0},"branchMap":{"0":{"type":"branch","line":1,"loc":{"start":{"line":1,"column":0},"end":{"line":2,"column":-2}},"locations":[{"start":{"line":1,"column":0},"end":{"line":2,"column":-2}}]}},"b":{"0":[0]},"fnMap":{"0":{"name":"(empty-report)","decl":{"start":{"line":1,"column":0},"end":{"line":2,"column":-2}},"loc":{"start":{"line":1,"column":0},"end":{"line":2,"column":-2}},"line":1}},"f":{"0":0}}
,"/Users/moon/Desktop/Team Macos/con.chat/src/conchat.js": {"path":"/Users/moon/Desktop/Team Macos/con.chat/src/conchat.js","all":false,"statementMap":{"0":{"start":{"line":1,"column":0},"end":{"line":1,"column":8}},"1":{"start":{"line":2,"column":0},"end":{"line":2,"column":14}},"2":{"start":{"line":3,"column":0},"end":{"line":3,"column":6}},"3":{"start":{"line":4,"column":0},"end":{"line":4,"column":6}},"4":{"start":{"line":5,"column":0},"end":{"line":5,"column":10}},"5":{"start":{"line":6,"column":0},"end":{"line":6,"column":9}},"6":{"start":{"line":7,"column":0},"end":{"line":7,"column":6}},"7":{"start":{"line":8,"column":0},"end":{"line":8,"column":7}},"8":{"start":{"line":9,"column":0},"end":{"line":9,"column":6}},"9":{"start":{"line":10,"column":0},"end":{"line":10,"column":8}},"10":{"start":{"line":11,"column":0},"end":{"line":11,"column":15}},"11":{"start":{"line":12,"column":0},"end":{"line":12,"column":10}},"12":{"start":{"line":13,"column":0},"end":{"line":13,"column":9}},"13":{"start":{"line":14,"column":0},"end":{"line":14,"column":17}},"14":{"start":{"line":15,"column":0},"end":{"line":15,"column":56}},"15":{"start":{"line":16,"column":0},"end":{"line":16,"column":0}},"16":{"start":{"line":17,"column":0},"end":{"line":17,"column":8}},"17":{"start":{"line":18,"column":0},"end":{"line":18,"column":18}},"18":{"start":{"line":19,"column":0},"end":{"line":19,"column":20}},"19":{"start":{"line":20,"column":0},"end":{"line":20,"column":19}},"20":{"start":{"line":21,"column":0},"end":{"line":21,"column":24}},"21":{"start":{"line":22,"column":0},"end":{"line":22,"column":19}},"22":{"start":{"line":23,"column":0},"end":{"line":23,"column":24}},"23":{"start":{"line":24,"column":0},"end":{"line":24,"column":16}},"24":{"start":{"line":25,"column":0},"end":{"line":25,"column":22}},"25":{"start":{"line":26,"column":0},"end":{"line":26,"column":22}},"26":{"start":{"line":27,"column":0},"end":{"line":27,"column":31}},"27":{"start":{"line":28,"column":0},"end":{"line":28,"column":68}},"28":{"start":{"line":29,"column":0},"end":{"line":29,"column":8}},"29":{"start":{"line":30,"column":0},"end":{"line":30,"column":15}},"30":{"start":{"line":31,"column":0},"end":{"line":31,"column":19}},"31":{"start":{"line":32,"column":0},"end":{"line":32,"column":20}},"32":{"start":{"line":33,"column":0},"end":{"line":33,"column":15}},"33":{"start":{"line":34,"column":0},"end":{"line":34,"column":21}},"34":{"start":{"line":35,"column":0},"end":{"line":35,"column":15}},"35":{"start":{"line":36,"column":0},"end":{"line":36,"column":22}},"36":{"start":{"line":37,"column":0},"end":{"line":37,"column":33}},"37":{"start":{"line":38,"column":0},"end":{"line":38,"column":71}},"38":{"start":{"line":39,"column":0},"end":{"line":39,"column":0}},"39":{"start":{"line":40,"column":0},"end":{"line":40,"column":26}},"40":{"start":{"line":41,"column":0},"end":{"line":41,"column":17}},"41":{"start":{"line":42,"column":0},"end":{"line":42,"column":19}},"42":{"start":{"line":43,"column":0},"end":{"line":43,"column":28}},"43":{"start":{"line":44,"column":0},"end":{"line":44,"column":32}},"44":{"start":{"line":45,"column":0},"end":{"line":45,"column":18}},"45":{"start":{"line":46,"column":0},"end":{"line":46,"column":23}},"46":{"start":{"line":47,"column":0},"end":{"line":47,"column":25}},"47":{"start":{"line":48,"column":0},"end":{"line":48,"column":26}},"48":{"start":{"line":49,"column":0},"end":{"line":49,"column":36}},"49":{"start":{"line":50,"column":0},"end":{"line":50,"column":28}},"50":{"start":{"line":51,"column":0},"end":{"line":51,"column":23}},"51":{"start":{"line":52,"column":0},"end":{"line":52,"column":24}},"52":{"start":{"line":53,"column":0},"end":{"line":53,"column":36}},"53":{"start":{"line":54,"column":0},"end":{"line":54,"column":0}},"54":{"start":{"line":55,"column":0},"end":{"line":55,"column":16}},"55":{"start":{"line":56,"column":0},"end":{"line":56,"column":33}},"56":{"start":{"line":57,"column":0},"end":{"line":57,"column":3}},"57":{"start":{"line":58,"column":0},"end":{"line":58,"column":0}},"58":{"start":{"line":59,"column":0},"end":{"line":59,"column":22}},"59":{"start":{"line":60,"column":0},"end":{"line":60,"column":65}},"60":{"start":{"line":61,"column":0},"end":{"line":61,"column":3}},"61":{"start":{"line":62,"column":0},"end":{"line":62,"column":0}},"62":{"start":{"line":63,"column":0},"end":{"line":63,"column":20}},"63":{"start":{"line":64,"column":0},"end":{"line":64,"column":41}},"64":{"start":{"line":65,"column":0},"end":{"line":65,"column":3}},"65":{"start":{"line":66,"column":0},"end":{"line":66,"column":0}},"66":{"start":{"line":67,"column":0},"end":{"line":67,"column":17}},"67":{"start":{"line":68,"column":0},"end":{"line":68,"column":37}},"68":{"start":{"line":69,"column":0},"end":{"line":69,"column":3}},"69":{"start":{"line":70,"column":0},"end":{"line":70,"column":0}},"70":{"start":{"line":71,"column":0},"end":{"line":71,"column":32}},"71":{"start":{"line":72,"column":0},"end":{"line":72,"column":65}},"72":{"start":{"line":73,"column":0},"end":{"line":73,"column":0}},"73":{"start":{"line":74,"column":0},"end":{"line":74,"column":9}},"74":{"start":{"line":75,"column":0},"end":{"line":75,"column":32}},"75":{"start":{"line":76,"column":0},"end":{"line":76,"column":21}},"76":{"start":{"line":77,"column":0},"end":{"line":77,"column":55}},"77":{"start":{"line":78,"column":0},"end":{"line":78,"column":5}},"78":{"start":{"line":79,"column":0},"end":{"line":79,"column":3}},"79":{"start":{"line":80,"column":0},"end":{"line":80,"column":0}},"80":{"start":{"line":81,"column":0},"end":{"line":81,"column":54}},"81":{"start":{"line":82,"column":0},"end":{"line":82,"column":65}},"82":{"start":{"line":83,"column":0},"end":{"line":83,"column":48}},"83":{"start":{"line":84,"column":0},"end":{"line":84,"column":24}},"84":{"start":{"line":85,"column":0},"end":{"line":85,"column":31}},"85":{"start":{"line":86,"column":0},"end":{"line":86,"column":14}},"86":{"start":{"line":87,"column":0},"end":{"line":87,"column":28}},"87":{"start":{"line":88,"column":0},"end":{"line":88,"column":25}},"88":{"start":{"line":89,"column":0},"end":{"line":89,"column":11}},"89":{"start":{"line":90,"column":0},"end":{"line":90,"column":6}},"90":{"start":{"line":91,"column":0},"end":{"line":91,"column":0}},"91":{"start":{"line":92,"column":0},"end":{"line":92,"column":53}},"92":{"start":{"line":93,"column":0},"end":{"line":93,"column":62}},"93":{"start":{"line":94,"column":0},"end":{"line":94,"column":50}},"94":{"start":{"line":95,"column":0},"end":{"line":95,"column":29}},"95":{"start":{"line":96,"column":0},"end":{"line":96,"column":25}},"96":{"start":{"line":97,"column":0},"end":{"line":97,"column":53}},"97":{"start":{"line":98,"column":0},"end":{"line":98,"column":7}},"98":{"start":{"line":99,"column":0},"end":{"line":99,"column":3}},"99":{"start":{"line":100,"column":0},"end":{"line":100,"column":0}},"100":{"start":{"line":101,"column":0},"end":{"line":101,"column":53}},"101":{"start":{"line":102,"column":0},"end":{"line":102,"column":63}},"102":{"start":{"line":103,"column":0},"end":{"line":103,"column":58}},"103":{"start":{"line":104,"column":0},"end":{"line":104,"column":7}},"104":{"start":{"line":105,"column":0},"end":{"line":105,"column":3}},"105":{"start":{"line":106,"column":0},"end":{"line":106,"column":0}},"106":{"start":{"line":107,"column":0},"end":{"line":107,"column":30}},"107":{"start":{"line":108,"column":0},"end":{"line":108,"column":54}},"108":{"start":{"line":109,"column":0},"end":{"line":109,"column":10}},"109":{"start":{"line":110,"column":0},"end":{"line":110,"column":63}},"110":{"start":{"line":111,"column":0},"end":{"line":111,"column":30}},"111":{"start":{"line":112,"column":0},"end":{"line":112,"column":8}},"112":{"start":{"line":113,"column":0},"end":{"line":113,"column":5}},"113":{"start":{"line":114,"column":0},"end":{"line":114,"column":0}},"114":{"start":{"line":115,"column":0},"end":{"line":115,"column":65}},"115":{"start":{"line":116,"column":0},"end":{"line":116,"column":0}},"116":{"start":{"line":117,"column":0},"end":{"line":117,"column":70}},"117":{"start":{"line":118,"column":0},"end":{"line":118,"column":26}},"118":{"start":{"line":119,"column":0},"end":{"line":119,"column":43}},"119":{"start":{"line":120,"column":0},"end":{"line":120,"column":74}},"120":{"start":{"line":121,"column":0},"end":{"line":121,"column":9}},"121":{"start":{"line":122,"column":0},"end":{"line":122,"column":0}},"122":{"start":{"line":123,"column":0},"end":{"line":123,"column":50}},"123":{"start":{"line":124,"column":0},"end":{"line":124,"column":0}},"124":{"start":{"line":125,"column":0},"end":{"line":125,"column":45}},"125":{"start":{"line":126,"column":0},"end":{"line":126,"column":56}},"126":{"start":{"line":127,"column":0},"end":{"line":127,"column":58}},"127":{"start":{"line":128,"column":0},"end":{"line":128,"column":9}},"128":{"start":{"line":129,"column":0},"end":{"line":129,"column":55}},"129":{"start":{"line":130,"column":0},"end":{"line":130,"column":9}},"130":{"start":{"line":131,"column":0},"end":{"line":131,"column":0}},"131":{"start":{"line":132,"column":0},"end":{"line":132,"column":43}},"132":{"start":{"line":133,"column":0},"end":{"line":133,"column":58}},"133":{"start":{"line":134,"column":0},"end":{"line":134,"column":17}},"134":{"start":{"line":135,"column":0},"end":{"line":135,"column":9}},"135":{"start":{"line":136,"column":0},"end":{"line":136,"column":0}},"136":{"start":{"line":137,"column":0},"end":{"line":137,"column":52}},"137":{"start":{"line":138,"column":0},"end":{"line":138,"column":0}},"138":{"start":{"line":139,"column":0},"end":{"line":139,"column":12}},"139":{"start":{"line":140,"column":0},"end":{"line":140,"column":56}},"140":{"start":{"line":141,"column":0},"end":{"line":141,"column":45}},"141":{"start":{"line":142,"column":0},"end":{"line":142,"column":11}},"142":{"start":{"line":143,"column":0},"end":{"line":143,"column":22}},"143":{"start":{"line":144,"column":0},"end":{"line":144,"column":85}},"144":{"start":{"line":145,"column":0},"end":{"line":145,"column":12}},"145":{"start":{"line":146,"column":0},"end":{"line":146,"column":0}},"146":{"start":{"line":147,"column":0},"end":{"line":147,"column":68}},"147":{"start":{"line":148,"column":0},"end":{"line":148,"column":19}},"148":{"start":{"line":149,"column":0},"end":{"line":149,"column":45}},"149":{"start":{"line":150,"column":0},"end":{"line":150,"column":55}},"150":{"start":{"line":151,"column":0},"end":{"line":151,"column":11}},"151":{"start":{"line":152,"column":0},"end":{"line":152,"column":22}},"152":{"start":{"line":153,"column":0},"end":{"line":153,"column":56}},"153":{"start":{"line":154,"column":0},"end":{"line":154,"column":12}},"154":{"start":{"line":155,"column":0},"end":{"line":155,"column":0}},"155":{"start":{"line":156,"column":0},"end":{"line":156,"column":70}},"156":{"start":{"line":157,"column":0},"end":{"line":157,"column":0}},"157":{"start":{"line":158,"column":0},"end":{"line":158,"column":25}},"158":{"start":{"line":159,"column":0},"end":{"line":159,"column":15}},"159":{"start":{"line":160,"column":0},"end":{"line":160,"column":48}},"160":{"start":{"line":161,"column":0},"end":{"line":161,"column":27}},"161":{"start":{"line":162,"column":0},"end":{"line":162,"column":26}},"162":{"start":{"line":163,"column":0},"end":{"line":163,"column":46}},"163":{"start":{"line":164,"column":0},"end":{"line":164,"column":20}},"164":{"start":{"line":165,"column":0},"end":{"line":165,"column":14}},"165":{"start":{"line":166,"column":0},"end":{"line":166,"column":19}},"166":{"start":{"line":167,"column":0},"end":{"line":167,"column":11}},"167":{"start":{"line":168,"column":0},"end":{"line":168,"column":0}},"168":{"start":{"line":169,"column":0},"end":{"line":169,"column":43}},"169":{"start":{"line":170,"column":0},"end":{"line":170,"column":0}},"170":{"start":{"line":171,"column":0},"end":{"line":171,"column":49}},"171":{"start":{"line":172,"column":0},"end":{"line":172,"column":24}},"172":{"start":{"line":173,"column":0},"end":{"line":173,"column":34}},"173":{"start":{"line":174,"column":0},"end":{"line":174,"column":12}},"174":{"start":{"line":175,"column":0},"end":{"line":175,"column":0}},"175":{"start":{"line":176,"column":0},"end":{"line":176,"column":52}},"176":{"start":{"line":177,"column":0},"end":{"line":177,"column":0}},"177":{"start":{"line":178,"column":0},"end":{"line":178,"column":68}},"178":{"start":{"line":179,"column":0},"end":{"line":179,"column":0}},"179":{"start":{"line":180,"column":0},"end":{"line":180,"column":41}},"180":{"start":{"line":181,"column":0},"end":{"line":181,"column":51}},"181":{"start":{"line":182,"column":0},"end":{"line":182,"column":18}},"182":{"start":{"line":183,"column":0},"end":{"line":183,"column":31}},"183":{"start":{"line":184,"column":0},"end":{"line":184,"column":26}},"184":{"start":{"line":185,"column":0},"end":{"line":185,"column":26}},"185":{"start":{"line":186,"column":0},"end":{"line":186,"column":29}},"186":{"start":{"line":187,"column":0},"end":{"line":187,"column":31}},"187":{"start":{"line":188,"column":0},"end":{"line":188,"column":14}},"188":{"start":{"line":189,"column":0},"end":{"line":189,"column":11}},"189":{"start":{"line":190,"column":0},"end":{"line":190,"column":9}},"190":{"start":{"line":191,"column":0},"end":{"line":191,"column":9}},"191":{"start":{"line":192,"column":0},"end":{"line":192,"column":0}},"192":{"start":{"line":193,"column":0},"end":{"line":193,"column":42}},"193":{"start":{"line":194,"column":0},"end":{"line":194,"column":20}},"194":{"start":{"line":195,"column":0},"end":{"line":195,"column":59}},"195":{"start":{"line":196,"column":0},"end":{"line":196,"column":62}},"196":{"start":{"line":197,"column":0},"end":{"line":197,"column":48}},"197":{"start":{"line":198,"column":0},"end":{"line":198,"column":8}},"198":{"start":{"line":199,"column":0},"end":{"line":199,"column":0}},"199":{"start":{"line":200,"column":0},"end":{"line":200,"column":35}},"200":{"start":{"line":201,"column":0},"end":{"line":201,"column":42}},"201":{"start":{"line":202,"column":0},"end":{"line":202,"column":40}},"202":{"start":{"line":203,"column":0},"end":{"line":203,"column":74}},"203":{"start":{"line":204,"column":0},"end":{"line":204,"column":54}},"204":{"start":{"line":205,"column":0},"end":{"line":205,"column":53}},"205":{"start":{"line":206,"column":0},"end":{"line":206,"column":0}},"206":{"start":{"line":207,"column":0},"end":{"line":207,"column":68}},"207":{"start":{"line":208,"column":0},"end":{"line":208,"column":56}},"208":{"start":{"line":209,"column":0},"end":{"line":209,"column":76}},"209":{"start":{"line":210,"column":0},"end":{"line":210,"column":0}},"210":{"start":{"line":211,"column":0},"end":{"line":211,"column":37}},"211":{"start":{"line":212,"column":0},"end":{"line":212,"column":26}},"212":{"start":{"line":213,"column":0},"end":{"line":213,"column":27}},"213":{"start":{"line":214,"column":0},"end":{"line":214,"column":23}},"214":{"start":{"line":215,"column":0},"end":{"line":215,"column":31}},"215":{"start":{"line":216,"column":0},"end":{"line":216,"column":14}},"216":{"start":{"line":217,"column":0},"end":{"line":217,"column":56}},"217":{"start":{"line":218,"column":0},"end":{"line":218,"column":79}},"218":{"start":{"line":219,"column":0},"end":{"line":219,"column":30}},"219":{"start":{"line":220,"column":0},"end":{"line":220,"column":0}},"220":{"start":{"line":221,"column":0},"end":{"line":221,"column":37}},"221":{"start":{"line":222,"column":0},"end":{"line":222,"column":33}},"222":{"start":{"line":223,"column":0},"end":{"line":223,"column":26}},"223":{"start":{"line":224,"column":0},"end":{"line":224,"column":37}},"224":{"start":{"line":225,"column":0},"end":{"line":225,"column":31}},"225":{"start":{"line":226,"column":0},"end":{"line":226,"column":14}},"226":{"start":{"line":227,"column":0},"end":{"line":227,"column":53}},"227":{"start":{"line":228,"column":0},"end":{"line":228,"column":52}},"228":{"start":{"line":229,"column":0},"end":{"line":229,"column":0}},"229":{"start":{"line":230,"column":0},"end":{"line":230,"column":66}},"230":{"start":{"line":231,"column":0},"end":{"line":231,"column":55}},"231":{"start":{"line":232,"column":0},"end":{"line":232,"column":67}},"232":{"start":{"line":233,"column":0},"end":{"line":233,"column":0}},"233":{"start":{"line":234,"column":0},"end":{"line":234,"column":40}},"234":{"start":{"line":235,"column":0},"end":{"line":235,"column":20}},"235":{"start":{"line":236,"column":0},"end":{"line":236,"column":23}},"236":{"start":{"line":237,"column":0},"end":{"line":237,"column":24}},"237":{"start":{"line":238,"column":0},"end":{"line":238,"column":31}},"238":{"start":{"line":239,"column":0},"end":{"line":239,"column":14}},"239":{"start":{"line":240,"column":0},"end":{"line":240,"column":52}},"240":{"start":{"line":241,"column":0},"end":{"line":241,"column":41}},"241":{"start":{"line":242,"column":0},"end":{"line":242,"column":0}},"242":{"start":{"line":243,"column":0},"end":{"line":243,"column":46}},"243":{"start":{"line":244,"column":0},"end":{"line":244,"column":51}},"244":{"start":{"line":245,"column":0},"end":{"line":245,"column":13}},"245":{"start":{"line":246,"column":0},"end":{"line":246,"column":52}},"246":{"start":{"line":247,"column":0},"end":{"line":247,"column":41}},"247":{"start":{"line":248,"column":0},"end":{"line":248,"column":0}},"248":{"start":{"line":249,"column":0},"end":{"line":249,"column":46}},"249":{"start":{"line":250,"column":0},"end":{"line":250,"column":51}},"250":{"start":{"line":251,"column":0},"end":{"line":251,"column":13}},"251":{"start":{"line":252,"column":0},"end":{"line":252,"column":48}},"252":{"start":{"line":253,"column":0},"end":{"line":253,"column":41}},"253":{"start":{"line":254,"column":0},"end":{"line":254,"column":0}},"254":{"start":{"line":255,"column":0},"end":{"line":255,"column":46}},"255":{"start":{"line":256,"column":0},"end":{"line":256,"column":56}},"256":{"start":{"line":257,"column":0},"end":{"line":257,"column":13}},"257":{"start":{"line":258,"column":0},"end":{"line":258,"column":11}},"258":{"start":{"line":259,"column":0},"end":{"line":259,"column":11}},"259":{"start":{"line":260,"column":0},"end":{"line":260,"column":0}},"260":{"start":{"line":261,"column":0},"end":{"line":261,"column":64}},"261":{"start":{"line":262,"column":0},"end":{"line":262,"column":59}},"262":{"start":{"line":263,"column":0},"end":{"line":263,"column":47}},"263":{"start":{"line":264,"column":0},"end":{"line":264,"column":7}},"264":{"start":{"line":265,"column":0},"end":{"line":265,"column":7}},"265":{"start":{"line":266,"column":0},"end":{"line":266,"column":0}},"266":{"start":{"line":267,"column":0},"end":{"line":267,"column":34}},"267":{"start":{"line":268,"column":0},"end":{"line":268,"column":3}},"268":{"start":{"line":269,"column":0},"end":{"line":269,"column":0}},"269":{"start":{"line":270,"column":0},"end":{"line":270,"column":38}},"270":{"start":{"line":271,"column":0},"end":{"line":271,"column":30}},"271":{"start":{"line":272,"column":0},"end":{"line":272,"column":0}},"272":{"start":{"line":273,"column":0},"end":{"line":273,"column":9}},"273":{"start":{"line":274,"column":0},"end":{"line":274,"column":51}},"274":{"start":{"line":275,"column":0},"end":{"line":275,"column":40}},"275":{"start":{"line":276,"column":0},"end":{"line":276,"column":0}},"276":{"start":{"line":277,"column":0},"end":{"line":277,"column":29}},"277":{"start":{"line":278,"column":0},"end":{"line":278,"column":33}},"278":{"start":{"line":279,"column":0},"end":{"line":279,"column":35}},"279":{"start":{"line":280,"column":0},"end":{"line":280,"column":9}},"280":{"start":{"line":281,"column":0},"end":{"line":281,"column":0}},"281":{"start":{"line":282,"column":0},"end":{"line":282,"column":37}},"282":{"start":{"line":283,"column":0},"end":{"line":283,"column":21}},"283":{"start":{"line":284,"column":0},"end":{"line":284,"column":49}},"284":{"start":{"line":285,"column":0},"end":{"line":285,"column":5}},"285":{"start":{"line":286,"column":0},"end":{"line":286,"column":3}},"286":{"start":{"line":287,"column":0},"end":{"line":287,"column":0}},"287":{"start":{"line":288,"column":0},"end":{"line":288,"column":34}},"288":{"start":{"line":289,"column":0},"end":{"line":289,"column":49}},"289":{"start":{"line":290,"column":0},"end":{"line":290,"column":38}},"290":{"start":{"line":291,"column":0},"end":{"line":291,"column":0}},"291":{"start":{"line":292,"column":0},"end":{"line":292,"column":21}},"292":{"start":{"line":293,"column":0},"end":{"line":293,"column":21}},"293":{"start":{"line":294,"column":0},"end":{"line":294,"column":32}},"294":{"start":{"line":295,"column":0},"end":{"line":295,"column":7}},"295":{"start":{"line":296,"column":0},"end":{"line":296,"column":0}},"296":{"start":{"line":297,"column":0},"end":{"line":297,"column":42}},"297":{"start":{"line":298,"column":0},"end":{"line":298,"column":3}},"298":{"start":{"line":299,"column":0},"end":{"line":299,"column":0}},"299":{"start":{"line":300,"column":0},"end":{"line":300,"column":41}},"300":{"start":{"line":301,"column":0},"end":{"line":301,"column":59}},"301":{"start":{"line":302,"column":0},"end":{"line":302,"column":40}},"302":{"start":{"line":303,"column":0},"end":{"line":303,"column":0}},"303":{"start":{"line":304,"column":0},"end":{"line":304,"column":65}},"304":{"start":{"line":305,"column":0},"end":{"line":305,"column":3}},"305":{"start":{"line":306,"column":0},"end":{"line":306,"column":0}},"306":{"start":{"line":307,"column":0},"end":{"line":307,"column":49}},"307":{"start":{"line":308,"column":0},"end":{"line":308,"column":39}},"308":{"start":{"line":309,"column":0},"end":{"line":309,"column":66}},"309":{"start":{"line":310,"column":0},"end":{"line":310,"column":39}},"310":{"start":{"line":311,"column":0},"end":{"line":311,"column":0}},"311":{"start":{"line":312,"column":0},"end":{"line":312,"column":34}},"312":{"start":{"line":313,"column":0},"end":{"line":313,"column":3}},"313":{"start":{"line":314,"column":0},"end":{"line":314,"column":0}},"314":{"start":{"line":315,"column":0},"end":{"line":315,"column":40}},"315":{"start":{"line":316,"column":0},"end":{"line":316,"column":72}},"316":{"start":{"line":317,"column":0},"end":{"line":317,"column":44}},"317":{"start":{"line":318,"column":0},"end":{"line":318,"column":33}},"318":{"start":{"line":319,"column":0},"end":{"line":319,"column":19}},"319":{"start":{"line":320,"column":0},"end":{"line":320,"column":5}},"320":{"start":{"line":321,"column":0},"end":{"line":321,"column":0}},"321":{"start":{"line":322,"column":0},"end":{"line":322,"column":55}},"322":{"start":{"line":323,"column":0},"end":{"line":323,"column":0}},"323":{"start":{"line":324,"column":0},"end":{"line":324,"column":56}},"324":{"start":{"line":325,"column":0},"end":{"line":325,"column":61}},"325":{"start":{"line":326,"column":0},"end":{"line":326,"column":46}},"326":{"start":{"line":327,"column":0},"end":{"line":327,"column":79}},"327":{"start":{"line":328,"column":0},"end":{"line":328,"column":7}},"328":{"start":{"line":329,"column":0},"end":{"line":329,"column":0}},"329":{"start":{"line":330,"column":0},"end":{"line":330,"column":50}},"330":{"start":{"line":331,"column":0},"end":{"line":331,"column":0}},"331":{"start":{"line":332,"column":0},"end":{"line":332,"column":34}},"332":{"start":{"line":333,"column":0},"end":{"line":333,"column":3}},"333":{"start":{"line":334,"column":0},"end":{"line":334,"column":0}},"334":{"start":{"line":335,"column":0},"end":{"line":335,"column":35}},"335":{"start":{"line":336,"column":0},"end":{"line":336,"column":65}},"336":{"start":{"line":337,"column":0},"end":{"line":337,"column":0}},"337":{"start":{"line":338,"column":0},"end":{"line":338,"column":58}},"338":{"start":{"line":339,"column":0},"end":{"line":339,"column":55}},"339":{"start":{"line":340,"column":0},"end":{"line":340,"column":7}},"340":{"start":{"line":341,"column":0},"end":{"line":341,"column":0}},"341":{"start":{"line":342,"column":0},"end":{"line":342,"column":30}},"342":{"start":{"line":343,"column":0},"end":{"line":343,"column":29}},"343":{"start":{"line":344,"column":0},"end":{"line":344,"column":3}},"344":{"start":{"line":345,"column":0},"end":{"line":345,"column":0}},"345":{"start":{"line":346,"column":0},"end":{"line":346,"column":36}},"346":{"start":{"line":347,"column":0},"end":{"line":347,"column":65}},"347":{"start":{"line":348,"column":0},"end":{"line":348,"column":0}},"348":{"start":{"line":349,"column":0},"end":{"line":349,"column":64}},"349":{"start":{"line":350,"column":0},"end":{"line":350,"column":56}},"350":{"start":{"line":351,"column":0},"end":{"line":351,"column":7}},"351":{"start":{"line":352,"column":0},"end":{"line":352,"column":3}},"352":{"start":{"line":353,"column":0},"end":{"line":353,"column":0}},"353":{"start":{"line":354,"column":0},"end":{"line":354,"column":39}},"354":{"start":{"line":355,"column":0},"end":{"line":355,"column":62}},"355":{"start":{"line":356,"column":0},"end":{"line":356,"column":50}},"356":{"start":{"line":357,"column":0},"end":{"line":357,"column":0}},"357":{"start":{"line":358,"column":0},"end":{"line":358,"column":35}},"358":{"start":{"line":359,"column":0},"end":{"line":359,"column":63}},"359":{"start":{"line":360,"column":0},"end":{"line":360,"column":0}},"360":{"start":{"line":361,"column":0},"end":{"line":361,"column":49}},"361":{"start":{"line":362,"column":0},"end":{"line":362,"column":40}},"362":{"start":{"line":363,"column":0},"end":{"line":363,"column":0}},"363":{"start":{"line":364,"column":0},"end":{"line":364,"column":78}},"364":{"start":{"line":365,"column":0},"end":{"line":365,"column":73}},"365":{"start":{"line":366,"column":0},"end":{"line":366,"column":11}},"366":{"start":{"line":367,"column":0},"end":{"line":367,"column":7}},"367":{"start":{"line":368,"column":0},"end":{"line":368,"column":5}},"368":{"start":{"line":369,"column":0},"end":{"line":369,"column":3}},"369":{"start":{"line":370,"column":0},"end":{"line":370,"column":0}},"370":{"start":{"line":371,"column":0},"end":{"line":371,"column":54}},"371":{"start":{"line":372,"column":0},"end":{"line":372,"column":52}},"372":{"start":{"line":373,"column":0},"end":{"line":373,"column":0}},"373":{"start":{"line":374,"column":0},"end":{"line":374,"column":67}},"374":{"start":{"line":375,"column":0},"end":{"line":375,"column":40}},"375":{"start":{"line":376,"column":0},"end":{"line":376,"column":0}},"376":{"start":{"line":377,"column":0},"end":{"line":377,"column":28}},"377":{"start":{"line":378,"column":0},"end":{"line":378,"column":38}},"378":{"start":{"line":379,"column":0},"end":{"line":379,"column":47}},"379":{"start":{"line":380,"column":0},"end":{"line":380,"column":0}},"380":{"start":{"line":381,"column":0},"end":{"line":381,"column":45}},"381":{"start":{"line":382,"column":0},"end":{"line":382,"column":44}},"382":{"start":{"line":383,"column":0},"end":{"line":383,"column":49}},"383":{"start":{"line":384,"column":0},"end":{"line":384,"column":10}},"384":{"start":{"line":385,"column":0},"end":{"line":385,"column":0}},"385":{"start":{"line":386,"column":0},"end":{"line":386,"column":73}},"386":{"start":{"line":387,"column":0},"end":{"line":387,"column":24}},"387":{"start":{"line":388,"column":0},"end":{"line":388,"column":68}},"388":{"start":{"line":389,"column":0},"end":{"line":389,"column":18}},"389":{"start":{"line":390,"column":0},"end":{"line":390,"column":12}},"390":{"start":{"line":391,"column":0},"end":{"line":391,"column":10}},"391":{"start":{"line":392,"column":0},"end":{"line":392,"column":7}},"392":{"start":{"line":393,"column":0},"end":{"line":393,"column":12}},"393":{"start":{"line":394,"column":0},"end":{"line":394,"column":63}},"394":{"start":{"line":395,"column":0},"end":{"line":395,"column":5}},"395":{"start":{"line":396,"column":0},"end":{"line":396,"column":3}},"396":{"start":{"line":397,"column":0},"end":{"line":397,"column":0}},"397":{"start":{"line":398,"column":0},"end":{"line":398,"column":24}},"398":{"start":{"line":399,"column":0},"end":{"line":399,"column":56}},"399":{"start":{"line":400,"column":0},"end":{"line":400,"column":41}},"400":{"start":{"line":401,"column":0},"end":{"line":401,"column":0}},"401":{"start":{"line":402,"column":0},"end":{"line":402,"column":21}},"402":{"start":{"line":403,"column":0},"end":{"line":403,"column":0}},"403":{"start":{"line":404,"column":0},"end":{"line":404,"column":42}},"404":{"start":{"line":405,"column":0},"end":{"line":405,"column":48}},"405":{"start":{"line":406,"column":0},"end":{"line":406,"column":27}},"406":{"start":{"line":407,"column":0},"end":{"line":407,"column":7}},"407":{"start":{"line":408,"column":0},"end":{"line":408,"column":0}},"408":{"start":{"line":409,"column":0},"end":{"line":409,"column":17}},"409":{"start":{"line":410,"column":0},"end":{"line":410,"column":3}},"410":{"start":{"line":411,"column":0},"end":{"line":411,"column":0}},"411":{"start":{"line":412,"column":0},"end":{"line":412,"column":35}},"412":{"start":{"line":413,"column":0},"end":{"line":413,"column":59}},"413":{"start":{"line":414,"column":0},"end":{"line":414,"column":40}},"414":{"start":{"line":415,"column":0},"end":{"line":415,"column":0}},"415":{"start":{"line":416,"column":0},"end":{"line":416,"column":28}},"416":{"start":{"line":417,"column":0},"end":{"line":417,"column":33}},"417":{"start":{"line":418,"column":0},"end":{"line":418,"column":5}},"418":{"start":{"line":419,"column":0},"end":{"line":419,"column":0}},"419":{"start":{"line":420,"column":0},"end":{"line":420,"column":16}},"420":{"start":{"line":421,"column":0},"end":{"line":421,"column":3}},"421":{"start":{"line":422,"column":0},"end":{"line":422,"column":0}},"422":{"start":{"line":423,"column":0},"end":{"line":423,"column":37}},"423":{"start":{"line":424,"column":0},"end":{"line":424,"column":59}},"424":{"start":{"line":425,"column":0},"end":{"line":425,"column":40}},"425":{"start":{"line":426,"column":0},"end":{"line":426,"column":0}},"426":{"start":{"line":427,"column":0},"end":{"line":427,"column":28}},"427":{"start":{"line":428,"column":0},"end":{"line":428,"column":53}},"428":{"start":{"line":429,"column":0},"end":{"line":429,"column":0}},"429":{"start":{"line":430,"column":0},"end":{"line":430,"column":34}},"430":{"start":{"line":431,"column":0},"end":{"line":431,"column":48}},"431":{"start":{"line":432,"column":0},"end":{"line":432,"column":72}},"432":{"start":{"line":433,"column":0},"end":{"line":433,"column":11}},"433":{"start":{"line":434,"column":0},"end":{"line":434,"column":7}},"434":{"start":{"line":435,"column":0},"end":{"line":435,"column":5}},"435":{"start":{"line":436,"column":0},"end":{"line":436,"column":3}},"436":{"start":{"line":437,"column":0},"end":{"line":437,"column":0}},"437":{"start":{"line":438,"column":0},"end":{"line":438,"column":35}},"438":{"start":{"line":439,"column":0},"end":{"line":439,"column":31}},"439":{"start":{"line":440,"column":0},"end":{"line":440,"column":0}},"440":{"start":{"line":441,"column":0},"end":{"line":441,"column":65}},"441":{"start":{"line":442,"column":0},"end":{"line":442,"column":44}},"442":{"start":{"line":443,"column":0},"end":{"line":443,"column":51}},"443":{"start":{"line":444,"column":0},"end":{"line":444,"column":7}},"444":{"start":{"line":445,"column":0},"end":{"line":445,"column":0}},"445":{"start":{"line":446,"column":0},"end":{"line":446,"column":25}},"446":{"start":{"line":447,"column":0},"end":{"line":447,"column":3}},"447":{"start":{"line":448,"column":0},"end":{"line":448,"column":0}},"448":{"start":{"line":449,"column":0},"end":{"line":449,"column":31}},"449":{"start":{"line":450,"column":0},"end":{"line":450,"column":35}},"450":{"start":{"line":451,"column":0},"end":{"line":451,"column":3}},"451":{"start":{"line":452,"column":0},"end":{"line":452,"column":0}},"452":{"start":{"line":453,"column":0},"end":{"line":453,"column":40}},"453":{"start":{"line":454,"column":0},"end":{"line":454,"column":32}},"454":{"start":{"line":455,"column":0},"end":{"line":455,"column":0}},"455":{"start":{"line":456,"column":0},"end":{"line":456,"column":16}},"456":{"start":{"line":457,"column":0},"end":{"line":457,"column":44}},"457":{"start":{"line":458,"column":0},"end":{"line":458,"column":0}},"458":{"start":{"line":459,"column":0},"end":{"line":459,"column":13}},"459":{"start":{"line":460,"column":0},"end":{"line":460,"column":5}},"460":{"start":{"line":461,"column":0},"end":{"line":461,"column":0}},"461":{"start":{"line":462,"column":0},"end":{"line":462,"column":31}},"462":{"start":{"line":463,"column":0},"end":{"line":463,"column":0}},"463":{"start":{"line":464,"column":0},"end":{"line":464,"column":67}},"464":{"start":{"line":465,"column":0},"end":{"line":465,"column":61}},"465":{"start":{"line":466,"column":0},"end":{"line":466,"column":0}},"466":{"start":{"line":467,"column":0},"end":{"line":467,"column":78}},"467":{"start":{"line":468,"column":0},"end":{"line":468,"column":47}},"468":{"start":{"line":469,"column":0},"end":{"line":469,"column":0}},"469":{"start":{"line":470,"column":0},"end":{"line":470,"column":9}},"470":{"start":{"line":471,"column":0},"end":{"line":471,"column":16}},"471":{"start":{"line":472,"column":0},"end":{"line":472,"column":12}},"472":{"start":{"line":473,"column":0},"end":{"line":473,"column":25}},"473":{"start":{"line":474,"column":0},"end":{"line":474,"column":68}},"474":{"start":{"line":475,"column":0},"end":{"line":475,"column":10}},"475":{"start":{"line":476,"column":0},"end":{"line":476,"column":9}},"476":{"start":{"line":477,"column":0},"end":{"line":477,"column":20}},"477":{"start":{"line":478,"column":0},"end":{"line":478,"column":36}},"478":{"start":{"line":479,"column":0},"end":{"line":479,"column":23}},"479":{"start":{"line":480,"column":0},"end":{"line":480,"column":12}},"480":{"start":{"line":481,"column":0},"end":{"line":481,"column":29}},"481":{"start":{"line":482,"column":0},"end":{"line":482,"column":32}},"482":{"start":{"line":483,"column":0},"end":{"line":483,"column":32}},"483":{"start":{"line":484,"column":0},"end":{"line":484,"column":35}},"484":{"start":{"line":485,"column":0},"end":{"line":485,"column":10}},"485":{"start":{"line":486,"column":0},"end":{"line":486,"column":8}},"486":{"start":{"line":487,"column":0},"end":{"line":487,"column":21}},"487":{"start":{"line":488,"column":0},"end":{"line":488,"column":55}},"488":{"start":{"line":489,"column":0},"end":{"line":489,"column":5}},"489":{"start":{"line":490,"column":0},"end":{"line":490,"column":3}},"490":{"start":{"line":491,"column":0},"end":{"line":491,"column":0}},"491":{"start":{"line":492,"column":0},"end":{"line":492,"column":50}},"492":{"start":{"line":493,"column":0},"end":{"line":493,"column":45}},"493":{"start":{"line":494,"column":0},"end":{"line":494,"column":0}},"494":{"start":{"line":495,"column":0},"end":{"line":495,"column":38}},"495":{"start":{"line":496,"column":0},"end":{"line":496,"column":18}},"496":{"start":{"line":497,"column":0},"end":{"line":497,"column":83}},"497":{"start":{"line":498,"column":0},"end":{"line":498,"column":25}},"498":{"start":{"line":499,"column":0},"end":{"line":499,"column":8}},"499":{"start":{"line":500,"column":0},"end":{"line":500,"column":27}},"500":{"start":{"line":501,"column":0},"end":{"line":501,"column":5}},"501":{"start":{"line":502,"column":0},"end":{"line":502,"column":0}},"502":{"start":{"line":503,"column":0},"end":{"line":503,"column":18}},"503":{"start":{"line":504,"column":0},"end":{"line":504,"column":41}},"504":{"start":{"line":505,"column":0},"end":{"line":505,"column":5}},"505":{"start":{"line":506,"column":0},"end":{"line":506,"column":3}},"506":{"start":{"line":507,"column":0},"end":{"line":507,"column":0}},"507":{"start":{"line":508,"column":0},"end":{"line":508,"column":44}},"508":{"start":{"line":509,"column":0},"end":{"line":509,"column":45}},"509":{"start":{"line":510,"column":0},"end":{"line":510,"column":0}},"510":{"start":{"line":511,"column":0},"end":{"line":511,"column":38}},"511":{"start":{"line":512,"column":0},"end":{"line":512,"column":18}},"512":{"start":{"line":513,"column":0},"end":{"line":513,"column":77}},"513":{"start":{"line":514,"column":0},"end":{"line":514,"column":25}},"514":{"start":{"line":515,"column":0},"end":{"line":515,"column":8}},"515":{"start":{"line":516,"column":0},"end":{"line":516,"column":27}},"516":{"start":{"line":517,"column":0},"end":{"line":517,"column":5}},"517":{"start":{"line":518,"column":0},"end":{"line":518,"column":0}},"518":{"start":{"line":519,"column":0},"end":{"line":519,"column":18}},"519":{"start":{"line":520,"column":0},"end":{"line":520,"column":33}},"520":{"start":{"line":521,"column":0},"end":{"line":521,"column":5}},"521":{"start":{"line":522,"column":0},"end":{"line":522,"column":3}},"522":{"start":{"line":523,"column":0},"end":{"line":523,"column":0}},"523":{"start":{"line":524,"column":0},"end":{"line":524,"column":70}},"524":{"start":{"line":525,"column":0},"end":{"line":525,"column":57}},"525":{"start":{"line":526,"column":0},"end":{"line":526,"column":52}},"526":{"start":{"line":527,"column":0},"end":{"line":527,"column":0}},"527":{"start":{"line":528,"column":0},"end":{"line":528,"column":38}},"528":{"start":{"line":529,"column":0},"end":{"line":529,"column":18}},"529":{"start":{"line":530,"column":0},"end":{"line":530,"column":86}},"530":{"start":{"line":531,"column":0},"end":{"line":531,"column":25}},"531":{"start":{"line":532,"column":0},"end":{"line":532,"column":25}},"532":{"start":{"line":533,"column":0},"end":{"line":533,"column":21}},"533":{"start":{"line":534,"column":0},"end":{"line":534,"column":25}},"534":{"start":{"line":535,"column":0},"end":{"line":535,"column":58}},"535":{"start":{"line":536,"column":0},"end":{"line":536,"column":8}},"536":{"start":{"line":537,"column":0},"end":{"line":537,"column":27}},"537":{"start":{"line":538,"column":0},"end":{"line":538,"column":5}},"538":{"start":{"line":539,"column":0},"end":{"line":539,"column":0}},"539":{"start":{"line":540,"column":0},"end":{"line":540,"column":59}},"540":{"start":{"line":541,"column":0},"end":{"line":541,"column":3}},"541":{"start":{"line":542,"column":0},"end":{"line":542,"column":0}},"542":{"start":{"line":543,"column":0},"end":{"line":543,"column":22}},"543":{"start":{"line":544,"column":0},"end":{"line":544,"column":23}},"544":{"start":{"line":545,"column":0},"end":{"line":545,"column":16}},"545":{"start":{"line":546,"column":0},"end":{"line":546,"column":27}},"546":{"start":{"line":547,"column":0},"end":{"line":547,"column":13}},"547":{"start":{"line":548,"column":0},"end":{"line":548,"column":5}},"548":{"start":{"line":549,"column":0},"end":{"line":549,"column":64}},"549":{"start":{"line":550,"column":0},"end":{"line":550,"column":57}},"550":{"start":{"line":551,"column":0},"end":{"line":551,"column":0}},"551":{"start":{"line":552,"column":0},"end":{"line":552,"column":49}},"552":{"start":{"line":553,"column":0},"end":{"line":553,"column":0}},"553":{"start":{"line":554,"column":0},"end":{"line":554,"column":38}},"554":{"start":{"line":555,"column":0},"end":{"line":555,"column":18}},"555":{"start":{"line":556,"column":0},"end":{"line":556,"column":116}},"556":{"start":{"line":557,"column":0},"end":{"line":557,"column":25}},"557":{"start":{"line":558,"column":0},"end":{"line":558,"column":21}},"558":{"start":{"line":559,"column":0},"end":{"line":559,"column":25}},"559":{"start":{"line":560,"column":0},"end":{"line":560,"column":21}},"560":{"start":{"line":561,"column":0},"end":{"line":561,"column":25}},"561":{"start":{"line":562,"column":0},"end":{"line":562,"column":21}},"562":{"start":{"line":563,"column":0},"end":{"line":563,"column":8}},"563":{"start":{"line":564,"column":0},"end":{"line":564,"column":33}},"564":{"start":{"line":565,"column":0},"end":{"line":565,"column":5}},"565":{"start":{"line":566,"column":0},"end":{"line":566,"column":0}},"566":{"start":{"line":567,"column":0},"end":{"line":567,"column":27}},"567":{"start":{"line":568,"column":0},"end":{"line":568,"column":3}},"568":{"start":{"line":569,"column":0},"end":{"line":569,"column":0}},"569":{"start":{"line":570,"column":0},"end":{"line":570,"column":64}},"570":{"start":{"line":571,"column":0},"end":{"line":571,"column":45}},"571":{"start":{"line":572,"column":0},"end":{"line":572,"column":0}},"572":{"start":{"line":573,"column":0},"end":{"line":573,"column":38}},"573":{"start":{"line":574,"column":0},"end":{"line":574,"column":18}},"574":{"start":{"line":575,"column":0},"end":{"line":575,"column":98}},"575":{"start":{"line":576,"column":0},"end":{"line":576,"column":25}},"576":{"start":{"line":577,"column":0},"end":{"line":577,"column":8}},"577":{"start":{"line":578,"column":0},"end":{"line":578,"column":27}},"578":{"start":{"line":579,"column":0},"end":{"line":579,"column":5}},"579":{"start":{"line":580,"column":0},"end":{"line":580,"column":0}},"580":{"start":{"line":581,"column":0},"end":{"line":581,"column":18}},"581":{"start":{"line":582,"column":0},"end":{"line":582,"column":48}},"582":{"start":{"line":583,"column":0},"end":{"line":583,"column":5}},"583":{"start":{"line":584,"column":0},"end":{"line":584,"column":3}},"584":{"start":{"line":585,"column":0},"end":{"line":585,"column":0}},"585":{"start":{"line":586,"column":0},"end":{"line":586,"column":28}},"586":{"start":{"line":587,"column":0},"end":{"line":587,"column":28}},"587":{"start":{"line":588,"column":0},"end":{"line":588,"column":44}},"588":{"start":{"line":589,"column":0},"end":{"line":589,"column":0}},"589":{"start":{"line":590,"column":0},"end":{"line":590,"column":18}},"590":{"start":{"line":591,"column":0},"end":{"line":591,"column":5}},"591":{"start":{"line":592,"column":0},"end":{"line":592,"column":0}},"592":{"start":{"line":593,"column":0},"end":{"line":593,"column":51}},"593":{"start":{"line":594,"column":0},"end":{"line":594,"column":50}},"594":{"start":{"line":595,"column":0},"end":{"line":595,"column":0}},"595":{"start":{"line":596,"column":0},"end":{"line":596,"column":18}},"596":{"start":{"line":597,"column":0},"end":{"line":597,"column":5}},"597":{"start":{"line":598,"column":0},"end":{"line":598,"column":0}},"598":{"start":{"line":599,"column":0},"end":{"line":599,"column":58}},"599":{"start":{"line":600,"column":0},"end":{"line":600,"column":38}},"600":{"start":{"line":601,"column":0},"end":{"line":601,"column":0}},"601":{"start":{"line":602,"column":0},"end":{"line":602,"column":27}},"602":{"start":{"line":603,"column":0},"end":{"line":603,"column":47}},"603":{"start":{"line":604,"column":0},"end":{"line":604,"column":0}},"604":{"start":{"line":605,"column":0},"end":{"line":605,"column":20}},"605":{"start":{"line":606,"column":0},"end":{"line":606,"column":7}},"606":{"start":{"line":607,"column":0},"end":{"line":607,"column":0}},"607":{"start":{"line":608,"column":0},"end":{"line":608,"column":10}},"608":{"start":{"line":609,"column":0},"end":{"line":609,"column":37}},"609":{"start":{"line":610,"column":0},"end":{"line":610,"column":54}},"610":{"start":{"line":611,"column":0},"end":{"line":611,"column":9}},"611":{"start":{"line":612,"column":0},"end":{"line":612,"column":20}},"612":{"start":{"line":613,"column":0},"end":{"line":613,"column":69}},"613":{"start":{"line":614,"column":0},"end":{"line":614,"column":10}},"614":{"start":{"line":615,"column":0},"end":{"line":615,"column":0}},"615":{"start":{"line":616,"column":0},"end":{"line":616,"column":20}},"616":{"start":{"line":617,"column":0},"end":{"line":617,"column":7}},"617":{"start":{"line":618,"column":0},"end":{"line":618,"column":0}},"618":{"start":{"line":619,"column":0},"end":{"line":619,"column":27}},"619":{"start":{"line":620,"column":0},"end":{"line":620,"column":5}},"620":{"start":{"line":621,"column":0},"end":{"line":621,"column":0}},"621":{"start":{"line":622,"column":0},"end":{"line":622,"column":49}},"622":{"start":{"line":623,"column":0},"end":{"line":623,"column":0}},"623":{"start":{"line":624,"column":0},"end":{"line":624,"column":16}},"624":{"start":{"line":625,"column":0},"end":{"line":625,"column":3}},"625":{"start":{"line":626,"column":0},"end":{"line":626,"column":0}},"626":{"start":{"line":627,"column":0},"end":{"line":627,"column":10}},"627":{"start":{"line":628,"column":0},"end":{"line":628,"column":28}},"628":{"start":{"line":629,"column":0},"end":{"line":629,"column":0}},"629":{"start":{"line":630,"column":0},"end":{"line":630,"column":23}},"630":{"start":{"line":631,"column":0},"end":{"line":631,"column":39}},"631":{"start":{"line":632,"column":0},"end":{"line":632,"column":43}},"632":{"start":{"line":633,"column":0},"end":{"line":633,"column":0}},"633":{"start":{"line":634,"column":0},"end":{"line":634,"column":16}},"634":{"start":{"line":635,"column":0},"end":{"line":635,"column":32}},"635":{"start":{"line":636,"column":0},"end":{"line":636,"column":0}},"636":{"start":{"line":637,"column":0},"end":{"line":637,"column":41}},"637":{"start":{"line":638,"column":0},"end":{"line":638,"column":27}},"638":{"start":{"line":639,"column":0},"end":{"line":639,"column":43}},"639":{"start":{"line":640,"column":0},"end":{"line":640,"column":28}},"640":{"start":{"line":641,"column":0},"end":{"line":641,"column":9}},"641":{"start":{"line":642,"column":0},"end":{"line":642,"column":6}},"642":{"start":{"line":643,"column":0},"end":{"line":643,"column":16}},"643":{"start":{"line":644,"column":0},"end":{"line":644,"column":26}},"644":{"start":{"line":645,"column":0},"end":{"line":645,"column":28}},"645":{"start":{"line":646,"column":0},"end":{"line":646,"column":9}},"646":{"start":{"line":647,"column":0},"end":{"line":647,"column":28}},"647":{"start":{"line":648,"column":0},"end":{"line":648,"column":9}},"648":{"start":{"line":649,"column":0},"end":{"line":649,"column":28}},"649":{"start":{"line":650,"column":0},"end":{"line":650,"column":9}},"650":{"start":{"line":651,"column":0},"end":{"line":651,"column":28}},"651":{"start":{"line":652,"column":0},"end":{"line":652,"column":9}},"652":{"start":{"line":653,"column":0},"end":{"line":653,"column":28}},"653":{"start":{"line":654,"column":0},"end":{"line":654,"column":9}},"654":{"start":{"line":655,"column":0},"end":{"line":655,"column":28}},"655":{"start":{"line":656,"column":0},"end":{"line":656,"column":9}},"656":{"start":{"line":657,"column":0},"end":{"line":657,"column":28}},"657":{"start":{"line":658,"column":0},"end":{"line":658,"column":9}},"658":{"start":{"line":659,"column":0},"end":{"line":659,"column":28}},"659":{"start":{"line":660,"column":0},"end":{"line":660,"column":9}},"660":{"start":{"line":661,"column":0},"end":{"line":661,"column":28}},"661":{"start":{"line":662,"column":0},"end":{"line":662,"column":9}},"662":{"start":{"line":663,"column":0},"end":{"line":663,"column":28}},"663":{"start":{"line":664,"column":0},"end":{"line":664,"column":9}},"664":{"start":{"line":665,"column":0},"end":{"line":665,"column":6}},"665":{"start":{"line":666,"column":0},"end":{"line":666,"column":0}},"666":{"start":{"line":667,"column":0},"end":{"line":667,"column":58}},"667":{"start":{"line":668,"column":0},"end":{"line":668,"column":52}},"668":{"start":{"line":669,"column":0},"end":{"line":669,"column":46}},"669":{"start":{"line":670,"column":0},"end":{"line":670,"column":7}},"670":{"start":{"line":671,"column":0},"end":{"line":671,"column":3}},"671":{"start":{"line":672,"column":0},"end":{"line":672,"column":0}},"672":{"start":{"line":673,"column":0},"end":{"line":673,"column":25}},"673":{"start":{"line":674,"column":0},"end":{"line":674,"column":28}},"674":{"start":{"line":675,"column":0},"end":{"line":675,"column":44}},"675":{"start":{"line":676,"column":0},"end":{"line":676,"column":0}},"676":{"start":{"line":677,"column":0},"end":{"line":677,"column":13}},"677":{"start":{"line":678,"column":0},"end":{"line":678,"column":5}},"678":{"start":{"line":679,"column":0},"end":{"line":679,"column":0}},"679":{"start":{"line":680,"column":0},"end":{"line":680,"column":30}},"680":{"start":{"line":681,"column":0},"end":{"line":681,"column":0}},"681":{"start":{"line":682,"column":0},"end":{"line":682,"column":34}},"682":{"start":{"line":683,"column":0},"end":{"line":683,"column":18}},"683":{"start":{"line":684,"column":0},"end":{"line":684,"column":56}},"684":{"start":{"line":685,"column":0},"end":{"line":685,"column":8}},"685":{"start":{"line":686,"column":0},"end":{"line":686,"column":0}},"686":{"start":{"line":687,"column":0},"end":{"line":687,"column":13}},"687":{"start":{"line":688,"column":0},"end":{"line":688,"column":5}},"688":{"start":{"line":689,"column":0},"end":{"line":689,"column":0}},"689":{"start":{"line":690,"column":0},"end":{"line":690,"column":16}},"690":{"start":{"line":691,"column":0},"end":{"line":691,"column":121}},"691":{"start":{"line":692,"column":0},"end":{"line":692,"column":6}},"692":{"start":{"line":693,"column":0},"end":{"line":693,"column":3}},"693":{"start":{"line":694,"column":0},"end":{"line":694,"column":0}},"694":{"start":{"line":695,"column":0},"end":{"line":695,"column":18}},"695":{"start":{"line":696,"column":0},"end":{"line":696,"column":28}},"696":{"start":{"line":697,"column":0},"end":{"line":697,"column":44}},"697":{"start":{"line":698,"column":0},"end":{"line":698,"column":13}},"698":{"start":{"line":699,"column":0},"end":{"line":699,"column":5}},"699":{"start":{"line":700,"column":0},"end":{"line":700,"column":0}},"700":{"start":{"line":701,"column":0},"end":{"line":701,"column":38}},"701":{"start":{"line":702,"column":0},"end":{"line":702,"column":39}},"702":{"start":{"line":703,"column":0},"end":{"line":703,"column":13}},"703":{"start":{"line":704,"column":0},"end":{"line":704,"column":5}},"704":{"start":{"line":705,"column":0},"end":{"line":705,"column":0}},"705":{"start":{"line":706,"column":0},"end":{"line":706,"column":68}},"706":{"start":{"line":707,"column":0},"end":{"line":707,"column":3}},"707":{"start":{"line":708,"column":0},"end":{"line":708,"column":0}},"708":{"start":{"line":709,"column":0},"end":{"line":709,"column":28}},"709":{"start":{"line":710,"column":0},"end":{"line":710,"column":28}},"710":{"start":{"line":711,"column":0},"end":{"line":711,"column":44}},"711":{"start":{"line":712,"column":0},"end":{"line":712,"column":0}},"712":{"start":{"line":713,"column":0},"end":{"line":713,"column":13}},"713":{"start":{"line":714,"column":0},"end":{"line":714,"column":5}},"714":{"start":{"line":715,"column":0},"end":{"line":715,"column":0}},"715":{"start":{"line":716,"column":0},"end":{"line":716,"column":28}},"716":{"start":{"line":717,"column":0},"end":{"line":717,"column":61}},"717":{"start":{"line":718,"column":0},"end":{"line":718,"column":0}},"718":{"start":{"line":719,"column":0},"end":{"line":719,"column":13}},"719":{"start":{"line":720,"column":0},"end":{"line":720,"column":5}},"720":{"start":{"line":721,"column":0},"end":{"line":721,"column":0}},"721":{"start":{"line":722,"column":0},"end":{"line":722,"column":65}},"722":{"start":{"line":723,"column":0},"end":{"line":723,"column":35}},"723":{"start":{"line":724,"column":0},"end":{"line":724,"column":31}},"724":{"start":{"line":725,"column":0},"end":{"line":725,"column":55}},"725":{"start":{"line":726,"column":0},"end":{"line":726,"column":16}},"726":{"start":{"line":727,"column":0},"end":{"line":727,"column":41}},"727":{"start":{"line":728,"column":0},"end":{"line":728,"column":0}},"728":{"start":{"line":729,"column":0},"end":{"line":729,"column":50}},"729":{"start":{"line":730,"column":0},"end":{"line":730,"column":9}},"730":{"start":{"line":731,"column":0},"end":{"line":731,"column":8}},"731":{"start":{"line":732,"column":0},"end":{"line":732,"column":25}},"732":{"start":{"line":733,"column":0},"end":{"line":733,"column":56}},"733":{"start":{"line":734,"column":0},"end":{"line":734,"column":9}},"734":{"start":{"line":735,"column":0},"end":{"line":735,"column":3}},"735":{"start":{"line":736,"column":0},"end":{"line":736,"column":0}},"736":{"start":{"line":737,"column":0},"end":{"line":737,"column":29}},"737":{"start":{"line":738,"column":0},"end":{"line":738,"column":28}},"738":{"start":{"line":739,"column":0},"end":{"line":739,"column":44}},"739":{"start":{"line":740,"column":0},"end":{"line":740,"column":0}},"740":{"start":{"line":741,"column":0},"end":{"line":741,"column":13}},"741":{"start":{"line":742,"column":0},"end":{"line":742,"column":5}},"742":{"start":{"line":743,"column":0},"end":{"line":743,"column":0}},"743":{"start":{"line":744,"column":0},"end":{"line":744,"column":29}},"744":{"start":{"line":745,"column":0},"end":{"line":745,"column":18}},"745":{"start":{"line":746,"column":0},"end":{"line":746,"column":77}},"746":{"start":{"line":747,"column":0},"end":{"line":747,"column":8}},"747":{"start":{"line":748,"column":0},"end":{"line":748,"column":0}},"748":{"start":{"line":749,"column":0},"end":{"line":749,"column":13}},"749":{"start":{"line":750,"column":0},"end":{"line":750,"column":5}},"750":{"start":{"line":751,"column":0},"end":{"line":751,"column":0}},"751":{"start":{"line":752,"column":0},"end":{"line":752,"column":65}},"752":{"start":{"line":753,"column":0},"end":{"line":753,"column":42}},"753":{"start":{"line":754,"column":0},"end":{"line":754,"column":0}},"754":{"start":{"line":755,"column":0},"end":{"line":755,"column":13}},"755":{"start":{"line":756,"column":0},"end":{"line":756,"column":5}},"756":{"start":{"line":757,"column":0},"end":{"line":757,"column":0}},"757":{"start":{"line":758,"column":0},"end":{"line":758,"column":49}},"758":{"start":{"line":759,"column":0},"end":{"line":759,"column":0}},"759":{"start":{"line":760,"column":0},"end":{"line":760,"column":61}},"760":{"start":{"line":761,"column":0},"end":{"line":761,"column":31}},"761":{"start":{"line":762,"column":0},"end":{"line":762,"column":27}},"762":{"start":{"line":763,"column":0},"end":{"line":763,"column":56}},"763":{"start":{"line":764,"column":0},"end":{"line":764,"column":0}},"764":{"start":{"line":765,"column":0},"end":{"line":765,"column":49}},"765":{"start":{"line":766,"column":0},"end":{"line":766,"column":16}},"766":{"start":{"line":767,"column":0},"end":{"line":767,"column":47}},"767":{"start":{"line":768,"column":0},"end":{"line":768,"column":9}},"768":{"start":{"line":769,"column":0},"end":{"line":769,"column":8}},"769":{"start":{"line":770,"column":0},"end":{"line":770,"column":19}},"770":{"start":{"line":771,"column":0},"end":{"line":771,"column":65}},"771":{"start":{"line":772,"column":0},"end":{"line":772,"column":8}},"772":{"start":{"line":773,"column":0},"end":{"line":773,"column":19}},"773":{"start":{"line":774,"column":0},"end":{"line":774,"column":28}},"774":{"start":{"line":775,"column":0},"end":{"line":775,"column":51}},"775":{"start":{"line":776,"column":0},"end":{"line":776,"column":56}},"776":{"start":{"line":777,"column":0},"end":{"line":777,"column":54}},"777":{"start":{"line":778,"column":0},"end":{"line":778,"column":11}},"778":{"start":{"line":779,"column":0},"end":{"line":779,"column":8}},"779":{"start":{"line":780,"column":0},"end":{"line":780,"column":19}},"780":{"start":{"line":781,"column":0},"end":{"line":781,"column":20}},"781":{"start":{"line":782,"column":0},"end":{"line":782,"column":30}},"782":{"start":{"line":783,"column":0},"end":{"line":783,"column":32}},"783":{"start":{"line":784,"column":0},"end":{"line":784,"column":13}},"784":{"start":{"line":785,"column":0},"end":{"line":785,"column":32}},"785":{"start":{"line":786,"column":0},"end":{"line":786,"column":13}},"786":{"start":{"line":787,"column":0},"end":{"line":787,"column":32}},"787":{"start":{"line":788,"column":0},"end":{"line":788,"column":13}},"788":{"start":{"line":789,"column":0},"end":{"line":789,"column":32}},"789":{"start":{"line":790,"column":0},"end":{"line":790,"column":13}},"790":{"start":{"line":791,"column":0},"end":{"line":791,"column":32}},"791":{"start":{"line":792,"column":0},"end":{"line":792,"column":13}},"792":{"start":{"line":793,"column":0},"end":{"line":793,"column":32}},"793":{"start":{"line":794,"column":0},"end":{"line":794,"column":13}},"794":{"start":{"line":795,"column":0},"end":{"line":795,"column":32}},"795":{"start":{"line":796,"column":0},"end":{"line":796,"column":13}},"796":{"start":{"line":797,"column":0},"end":{"line":797,"column":32}},"797":{"start":{"line":798,"column":0},"end":{"line":798,"column":13}},"798":{"start":{"line":799,"column":0},"end":{"line":799,"column":32}},"799":{"start":{"line":800,"column":0},"end":{"line":800,"column":13}},"800":{"start":{"line":801,"column":0},"end":{"line":801,"column":32}},"801":{"start":{"line":802,"column":0},"end":{"line":802,"column":13}},"802":{"start":{"line":803,"column":0},"end":{"line":803,"column":10}},"803":{"start":{"line":804,"column":0},"end":{"line":804,"column":0}},"804":{"start":{"line":805,"column":0},"end":{"line":805,"column":61}},"805":{"start":{"line":806,"column":0},"end":{"line":806,"column":0}},"806":{"start":{"line":807,"column":0},"end":{"line":807,"column":20}},"807":{"start":{"line":808,"column":0},"end":{"line":808,"column":100}},"808":{"start":{"line":809,"column":0},"end":{"line":809,"column":10}},"809":{"start":{"line":810,"column":0},"end":{"line":810,"column":8}},"810":{"start":{"line":811,"column":0},"end":{"line":811,"column":25}},"811":{"start":{"line":812,"column":0},"end":{"line":812,"column":54}},"812":{"start":{"line":813,"column":0},"end":{"line":813,"column":60}},"813":{"start":{"line":814,"column":0},"end":{"line":814,"column":9}},"814":{"start":{"line":815,"column":0},"end":{"line":815,"column":9}},"815":{"start":{"line":816,"column":0},"end":{"line":816,"column":3}},"816":{"start":{"line":817,"column":0},"end":{"line":817,"column":0}},"817":{"start":{"line":818,"column":0},"end":{"line":818,"column":37}},"818":{"start":{"line":819,"column":0},"end":{"line":819,"column":28}},"819":{"start":{"line":820,"column":0},"end":{"line":820,"column":44}},"820":{"start":{"line":821,"column":0},"end":{"line":821,"column":0}},"821":{"start":{"line":822,"column":0},"end":{"line":822,"column":13}},"822":{"start":{"line":823,"column":0},"end":{"line":823,"column":5}},"823":{"start":{"line":824,"column":0},"end":{"line":824,"column":0}},"824":{"start":{"line":825,"column":0},"end":{"line":825,"column":29}},"825":{"start":{"line":826,"column":0},"end":{"line":826,"column":18}},"826":{"start":{"line":827,"column":0},"end":{"line":827,"column":77}},"827":{"start":{"line":828,"column":0},"end":{"line":828,"column":8}},"828":{"start":{"line":829,"column":0},"end":{"line":829,"column":0}},"829":{"start":{"line":830,"column":0},"end":{"line":830,"column":13}},"830":{"start":{"line":831,"column":0},"end":{"line":831,"column":5}},"831":{"start":{"line":832,"column":0},"end":{"line":832,"column":0}},"832":{"start":{"line":833,"column":0},"end":{"line":833,"column":65}},"833":{"start":{"line":834,"column":0},"end":{"line":834,"column":42}},"834":{"start":{"line":835,"column":0},"end":{"line":835,"column":0}},"835":{"start":{"line":836,"column":0},"end":{"line":836,"column":13}},"836":{"start":{"line":837,"column":0},"end":{"line":837,"column":5}},"837":{"start":{"line":838,"column":0},"end":{"line":838,"column":0}},"838":{"start":{"line":839,"column":0},"end":{"line":839,"column":63}},"839":{"start":{"line":840,"column":0},"end":{"line":840,"column":41}},"840":{"start":{"line":841,"column":0},"end":{"line":841,"column":0}},"841":{"start":{"line":842,"column":0},"end":{"line":842,"column":13}},"842":{"start":{"line":843,"column":0},"end":{"line":843,"column":5}},"843":{"start":{"line":844,"column":0},"end":{"line":844,"column":0}},"844":{"start":{"line":845,"column":0},"end":{"line":845,"column":49}},"845":{"start":{"line":846,"column":0},"end":{"line":846,"column":42}},"846":{"start":{"line":847,"column":0},"end":{"line":847,"column":0}},"847":{"start":{"line":848,"column":0},"end":{"line":848,"column":61}},"848":{"start":{"line":849,"column":0},"end":{"line":849,"column":31}},"849":{"start":{"line":850,"column":0},"end":{"line":850,"column":28}},"850":{"start":{"line":851,"column":0},"end":{"line":851,"column":22}},"851":{"start":{"line":852,"column":0},"end":{"line":852,"column":51}},"852":{"start":{"line":853,"column":0},"end":{"line":853,"column":12}},"853":{"start":{"line":854,"column":0},"end":{"line":854,"column":0}},"854":{"start":{"line":855,"column":0},"end":{"line":855,"column":49}},"855":{"start":{"line":856,"column":0},"end":{"line":856,"column":16}},"856":{"start":{"line":857,"column":0},"end":{"line":857,"column":62}},"857":{"start":{"line":858,"column":0},"end":{"line":858,"column":9}},"858":{"start":{"line":859,"column":0},"end":{"line":859,"column":8}},"859":{"start":{"line":860,"column":0},"end":{"line":860,"column":29}},"860":{"start":{"line":861,"column":0},"end":{"line":861,"column":26}},"861":{"start":{"line":862,"column":0},"end":{"line":862,"column":22}},"862":{"start":{"line":863,"column":0},"end":{"line":863,"column":68}},"863":{"start":{"line":864,"column":0},"end":{"line":864,"column":12}},"864":{"start":{"line":865,"column":0},"end":{"line":865,"column":0}},"865":{"start":{"line":866,"column":0},"end":{"line":866,"column":47}},"866":{"start":{"line":867,"column":0},"end":{"line":867,"column":16}},"867":{"start":{"line":868,"column":0},"end":{"line":868,"column":49}},"868":{"start":{"line":869,"column":0},"end":{"line":869,"column":0}},"869":{"start":{"line":870,"column":0},"end":{"line":870,"column":67}},"870":{"start":{"line":871,"column":0},"end":{"line":871,"column":9}},"871":{"start":{"line":872,"column":0},"end":{"line":872,"column":8}},"872":{"start":{"line":873,"column":0},"end":{"line":873,"column":19}},"873":{"start":{"line":874,"column":0},"end":{"line":874,"column":28}},"874":{"start":{"line":875,"column":0},"end":{"line":875,"column":51}},"875":{"start":{"line":876,"column":0},"end":{"line":876,"column":58}},"876":{"start":{"line":877,"column":0},"end":{"line":877,"column":56}},"877":{"start":{"line":878,"column":0},"end":{"line":878,"column":54}},"878":{"start":{"line":879,"column":0},"end":{"line":879,"column":74}},"879":{"start":{"line":880,"column":0},"end":{"line":880,"column":11}},"880":{"start":{"line":881,"column":0},"end":{"line":881,"column":8}},"881":{"start":{"line":882,"column":0},"end":{"line":882,"column":19}},"882":{"start":{"line":883,"column":0},"end":{"line":883,"column":20}},"883":{"start":{"line":884,"column":0},"end":{"line":884,"column":30}},"884":{"start":{"line":885,"column":0},"end":{"line":885,"column":32}},"885":{"start":{"line":886,"column":0},"end":{"line":886,"column":13}},"886":{"start":{"line":887,"column":0},"end":{"line":887,"column":32}},"887":{"start":{"line":888,"column":0},"end":{"line":888,"column":13}},"888":{"start":{"line":889,"column":0},"end":{"line":889,"column":32}},"889":{"start":{"line":890,"column":0},"end":{"line":890,"column":13}},"890":{"start":{"line":891,"column":0},"end":{"line":891,"column":32}},"891":{"start":{"line":892,"column":0},"end":{"line":892,"column":13}},"892":{"start":{"line":893,"column":0},"end":{"line":893,"column":32}},"893":{"start":{"line":894,"column":0},"end":{"line":894,"column":13}},"894":{"start":{"line":895,"column":0},"end":{"line":895,"column":32}},"895":{"start":{"line":896,"column":0},"end":{"line":896,"column":13}},"896":{"start":{"line":897,"column":0},"end":{"line":897,"column":32}},"897":{"start":{"line":898,"column":0},"end":{"line":898,"column":13}},"898":{"start":{"line":899,"column":0},"end":{"line":899,"column":32}},"899":{"start":{"line":900,"column":0},"end":{"line":900,"column":13}},"900":{"start":{"line":901,"column":0},"end":{"line":901,"column":32}},"901":{"start":{"line":902,"column":0},"end":{"line":902,"column":13}},"902":{"start":{"line":903,"column":0},"end":{"line":903,"column":32}},"903":{"start":{"line":904,"column":0},"end":{"line":904,"column":13}},"904":{"start":{"line":905,"column":0},"end":{"line":905,"column":10}},"905":{"start":{"line":906,"column":0},"end":{"line":906,"column":0}},"906":{"start":{"line":907,"column":0},"end":{"line":907,"column":20}},"907":{"start":{"line":908,"column":0},"end":{"line":908,"column":139}},"908":{"start":{"line":909,"column":0},"end":{"line":909,"column":10}},"909":{"start":{"line":910,"column":0},"end":{"line":910,"column":8}},"910":{"start":{"line":911,"column":0},"end":{"line":911,"column":25}},"911":{"start":{"line":912,"column":0},"end":{"line":912,"column":12}},"912":{"start":{"line":913,"column":0},"end":{"line":913,"column":52}},"913":{"start":{"line":914,"column":0},"end":{"line":914,"column":47}},"914":{"start":{"line":915,"column":0},"end":{"line":915,"column":11}},"915":{"start":{"line":916,"column":0},"end":{"line":916,"column":60}},"916":{"start":{"line":917,"column":0},"end":{"line":917,"column":9}},"917":{"start":{"line":918,"column":0},"end":{"line":918,"column":9}},"918":{"start":{"line":919,"column":0},"end":{"line":919,"column":3}},"919":{"start":{"line":920,"column":0},"end":{"line":920,"column":0}},"920":{"start":{"line":921,"column":0},"end":{"line":921,"column":20}},"921":{"start":{"line":922,"column":0},"end":{"line":922,"column":28}},"922":{"start":{"line":923,"column":0},"end":{"line":923,"column":44}},"923":{"start":{"line":924,"column":0},"end":{"line":924,"column":0}},"924":{"start":{"line":925,"column":0},"end":{"line":925,"column":13}},"925":{"start":{"line":926,"column":0},"end":{"line":926,"column":5}},"926":{"start":{"line":927,"column":0},"end":{"line":927,"column":0}},"927":{"start":{"line":928,"column":0},"end":{"line":928,"column":51}},"928":{"start":{"line":929,"column":0},"end":{"line":929,"column":50}},"929":{"start":{"line":930,"column":0},"end":{"line":930,"column":0}},"930":{"start":{"line":931,"column":0},"end":{"line":931,"column":13}},"931":{"start":{"line":932,"column":0},"end":{"line":932,"column":5}},"932":{"start":{"line":933,"column":0},"end":{"line":933,"column":0}},"933":{"start":{"line":934,"column":0},"end":{"line":934,"column":49}},"934":{"start":{"line":935,"column":0},"end":{"line":935,"column":0}},"935":{"start":{"line":936,"column":0},"end":{"line":936,"column":42}},"936":{"start":{"line":937,"column":0},"end":{"line":937,"column":27}},"937":{"start":{"line":938,"column":0},"end":{"line":938,"column":20}},"938":{"start":{"line":939,"column":0},"end":{"line":939,"column":59}},"939":{"start":{"line":940,"column":0},"end":{"line":940,"column":10}},"940":{"start":{"line":941,"column":0},"end":{"line":941,"column":0}},"941":{"start":{"line":942,"column":0},"end":{"line":942,"column":74}},"942":{"start":{"line":943,"column":0},"end":{"line":943,"column":8}},"943":{"start":{"line":944,"column":0},"end":{"line":944,"column":19}},"944":{"start":{"line":945,"column":0},"end":{"line":945,"column":47}},"945":{"start":{"line":946,"column":0},"end":{"line":946,"column":0}},"946":{"start":{"line":947,"column":0},"end":{"line":947,"column":65}},"947":{"start":{"line":948,"column":0},"end":{"line":948,"column":8}},"948":{"start":{"line":949,"column":0},"end":{"line":949,"column":19}},"949":{"start":{"line":950,"column":0},"end":{"line":950,"column":28}},"950":{"start":{"line":951,"column":0},"end":{"line":951,"column":51}},"951":{"start":{"line":952,"column":0},"end":{"line":952,"column":51}},"952":{"start":{"line":953,"column":0},"end":{"line":953,"column":49}},"953":{"start":{"line":954,"column":0},"end":{"line":954,"column":11}},"954":{"start":{"line":955,"column":0},"end":{"line":955,"column":8}},"955":{"start":{"line":956,"column":0},"end":{"line":956,"column":25}},"956":{"start":{"line":957,"column":0},"end":{"line":957,"column":57}},"957":{"start":{"line":958,"column":0},"end":{"line":958,"column":9}},"958":{"start":{"line":959,"column":0},"end":{"line":959,"column":3}},"959":{"start":{"line":960,"column":0},"end":{"line":960,"column":0}},"960":{"start":{"line":961,"column":0},"end":{"line":961,"column":15}},"961":{"start":{"line":962,"column":0},"end":{"line":962,"column":28}},"962":{"start":{"line":963,"column":0},"end":{"line":963,"column":44}},"963":{"start":{"line":964,"column":0},"end":{"line":964,"column":0}},"964":{"start":{"line":965,"column":0},"end":{"line":965,"column":13}},"965":{"start":{"line":966,"column":0},"end":{"line":966,"column":5}},"966":{"start":{"line":967,"column":0},"end":{"line":967,"column":0}},"967":{"start":{"line":968,"column":0},"end":{"line":968,"column":23}},"968":{"start":{"line":969,"column":0},"end":{"line":969,"column":24}},"969":{"start":{"line":970,"column":0},"end":{"line":970,"column":33}},"970":{"start":{"line":971,"column":0},"end":{"line":971,"column":41}},"971":{"start":{"line":972,"column":0},"end":{"line":972,"column":16}},"972":{"start":{"line":973,"column":0},"end":{"line":973,"column":52}},"973":{"start":{"line":974,"column":0},"end":{"line":974,"column":0}},"974":{"start":{"line":975,"column":0},"end":{"line":975,"column":35}},"975":{"start":{"line":976,"column":0},"end":{"line":976,"column":30}},"976":{"start":{"line":977,"column":0},"end":{"line":977,"column":13}},"977":{"start":{"line":978,"column":0},"end":{"line":978,"column":9}},"978":{"start":{"line":979,"column":0},"end":{"line":979,"column":8}},"979":{"start":{"line":980,"column":0},"end":{"line":980,"column":25}},"980":{"start":{"line":981,"column":0},"end":{"line":981,"column":54}},"981":{"start":{"line":982,"column":0},"end":{"line":982,"column":9}},"982":{"start":{"line":983,"column":0},"end":{"line":983,"column":3}},"983":{"start":{"line":984,"column":0},"end":{"line":984,"column":0}},"984":{"start":{"line":985,"column":0},"end":{"line":985,"column":18}},"985":{"start":{"line":986,"column":0},"end":{"line":986,"column":28}},"986":{"start":{"line":987,"column":0},"end":{"line":987,"column":44}},"987":{"start":{"line":988,"column":0},"end":{"line":988,"column":0}},"988":{"start":{"line":989,"column":0},"end":{"line":989,"column":13}},"989":{"start":{"line":990,"column":0},"end":{"line":990,"column":5}},"990":{"start":{"line":991,"column":0},"end":{"line":991,"column":0}},"991":{"start":{"line":992,"column":0},"end":{"line":992,"column":32}},"992":{"start":{"line":993,"column":0},"end":{"line":993,"column":47}},"993":{"start":{"line":994,"column":0},"end":{"line":994,"column":0}},"994":{"start":{"line":995,"column":0},"end":{"line":995,"column":13}},"995":{"start":{"line":996,"column":0},"end":{"line":996,"column":5}},"996":{"start":{"line":997,"column":0},"end":{"line":997,"column":0}},"997":{"start":{"line":998,"column":0},"end":{"line":998,"column":51}},"998":{"start":{"line":999,"column":0},"end":{"line":999,"column":40}},"999":{"start":{"line":1000,"column":0},"end":{"line":1000,"column":3}},"1000":{"start":{"line":1001,"column":0},"end":{"line":1001,"column":0}},"1001":{"start":{"line":1002,"column":0},"end":{"line":1002,"column":26}},"1002":{"start":{"line":1003,"column":0},"end":{"line":1003,"column":56}},"1003":{"start":{"line":1004,"column":0},"end":{"line":1004,"column":0}},"1004":{"start":{"line":1005,"column":0},"end":{"line":1005,"column":31}},"1005":{"start":{"line":1006,"column":0},"end":{"line":1006,"column":0}},"1006":{"start":{"line":1007,"column":0},"end":{"line":1007,"column":40}},"1007":{"start":{"line":1008,"column":0},"end":{"line":1008,"column":45}},"1008":{"start":{"line":1009,"column":0},"end":{"line":1009,"column":0}},"1009":{"start":{"line":1010,"column":0},"end":{"line":1010,"column":13}},"1010":{"start":{"line":1011,"column":0},"end":{"line":1011,"column":5}},"1011":{"start":{"line":1012,"column":0},"end":{"line":1012,"column":0}},"1012":{"start":{"line":1013,"column":0},"end":{"line":1013,"column":42}},"1013":{"start":{"line":1014,"column":0},"end":{"line":1014,"column":45}},"1014":{"start":{"line":1015,"column":0},"end":{"line":1015,"column":0}},"1015":{"start":{"line":1016,"column":0},"end":{"line":1016,"column":19}},"1016":{"start":{"line":1017,"column":0},"end":{"line":1017,"column":54}},"1017":{"start":{"line":1018,"column":0},"end":{"line":1018,"column":0}},"1018":{"start":{"line":1019,"column":0},"end":{"line":1019,"column":13}},"1019":{"start":{"line":1020,"column":0},"end":{"line":1020,"column":5}},"1020":{"start":{"line":1021,"column":0},"end":{"line":1021,"column":0}},"1021":{"start":{"line":1022,"column":0},"end":{"line":1022,"column":32}},"1022":{"start":{"line":1023,"column":0},"end":{"line":1023,"column":47}},"1023":{"start":{"line":1024,"column":0},"end":{"line":1024,"column":12}},"1024":{"start":{"line":1025,"column":0},"end":{"line":1025,"column":44}},"1025":{"start":{"line":1026,"column":0},"end":{"line":1026,"column":0}},"1026":{"start":{"line":1027,"column":0},"end":{"line":1027,"column":13}},"1027":{"start":{"line":1028,"column":0},"end":{"line":1028,"column":5}},"1028":{"start":{"line":1029,"column":0},"end":{"line":1029,"column":0}},"1029":{"start":{"line":1030,"column":0},"end":{"line":1030,"column":27}},"1030":{"start":{"line":1031,"column":0},"end":{"line":1031,"column":27}},"1031":{"start":{"line":1032,"column":0},"end":{"line":1032,"column":34}},"1032":{"start":{"line":1033,"column":0},"end":{"line":1033,"column":20}},"1033":{"start":{"line":1034,"column":0},"end":{"line":1034,"column":6}},"1034":{"start":{"line":1035,"column":0},"end":{"line":1035,"column":0}},"1035":{"start":{"line":1036,"column":0},"end":{"line":1036,"column":48}},"1036":{"start":{"line":1037,"column":0},"end":{"line":1037,"column":3}},"1037":{"start":{"line":1038,"column":0},"end":{"line":1038,"column":0}},"1038":{"start":{"line":1039,"column":0},"end":{"line":1039,"column":20}},"1039":{"start":{"line":1040,"column":0},"end":{"line":1040,"column":56}},"1040":{"start":{"line":1041,"column":0},"end":{"line":1041,"column":0}},"1041":{"start":{"line":1042,"column":0},"end":{"line":1042,"column":31}},"1042":{"start":{"line":1043,"column":0},"end":{"line":1043,"column":0}},"1043":{"start":{"line":1044,"column":0},"end":{"line":1044,"column":35}},"1044":{"start":{"line":1045,"column":0},"end":{"line":1045,"column":42}},"1045":{"start":{"line":1046,"column":0},"end":{"line":1046,"column":0}},"1046":{"start":{"line":1047,"column":0},"end":{"line":1047,"column":13}},"1047":{"start":{"line":1048,"column":0},"end":{"line":1048,"column":5}},"1048":{"start":{"line":1049,"column":0},"end":{"line":1049,"column":0}},"1049":{"start":{"line":1050,"column":0},"end":{"line":1050,"column":42}},"1050":{"start":{"line":1051,"column":0},"end":{"line":1051,"column":45}},"1051":{"start":{"line":1052,"column":0},"end":{"line":1052,"column":0}},"1052":{"start":{"line":1053,"column":0},"end":{"line":1053,"column":19}},"1053":{"start":{"line":1054,"column":0},"end":{"line":1054,"column":54}},"1054":{"start":{"line":1055,"column":0},"end":{"line":1055,"column":0}},"1055":{"start":{"line":1056,"column":0},"end":{"line":1056,"column":13}},"1056":{"start":{"line":1057,"column":0},"end":{"line":1057,"column":5}},"1057":{"start":{"line":1058,"column":0},"end":{"line":1058,"column":0}},"1058":{"start":{"line":1059,"column":0},"end":{"line":1059,"column":80}},"1059":{"start":{"line":1060,"column":0},"end":{"line":1060,"column":0}},"1060":{"start":{"line":1061,"column":0},"end":{"line":1061,"column":52}},"1061":{"start":{"line":1062,"column":0},"end":{"line":1062,"column":3}},"1062":{"start":{"line":1063,"column":0},"end":{"line":1063,"column":0}},"1063":{"start":{"line":1064,"column":0},"end":{"line":1064,"column":37}},"1064":{"start":{"line":1065,"column":0},"end":{"line":1065,"column":56}},"1065":{"start":{"line":1066,"column":0},"end":{"line":1066,"column":0}},"1066":{"start":{"line":1067,"column":0},"end":{"line":1067,"column":31}},"1067":{"start":{"line":1068,"column":0},"end":{"line":1068,"column":0}},"1068":{"start":{"line":1069,"column":0},"end":{"line":1069,"column":8}},"1069":{"start":{"line":1070,"column":0},"end":{"line":1070,"column":37}},"1070":{"start":{"line":1071,"column":0},"end":{"line":1071,"column":31}},"1071":{"start":{"line":1072,"column":0},"end":{"line":1072,"column":38}},"1072":{"start":{"line":1073,"column":0},"end":{"line":1073,"column":29}},"1073":{"start":{"line":1074,"column":0},"end":{"line":1074,"column":7}},"1074":{"start":{"line":1075,"column":0},"end":{"line":1075,"column":41}},"1075":{"start":{"line":1076,"column":0},"end":{"line":1076,"column":0}},"1076":{"start":{"line":1077,"column":0},"end":{"line":1077,"column":13}},"1077":{"start":{"line":1078,"column":0},"end":{"line":1078,"column":5}},"1078":{"start":{"line":1079,"column":0},"end":{"line":1079,"column":0}},"1079":{"start":{"line":1080,"column":0},"end":{"line":1080,"column":42}},"1080":{"start":{"line":1081,"column":0},"end":{"line":1081,"column":45}},"1081":{"start":{"line":1082,"column":0},"end":{"line":1082,"column":0}},"1082":{"start":{"line":1083,"column":0},"end":{"line":1083,"column":19}},"1083":{"start":{"line":1084,"column":0},"end":{"line":1084,"column":54}},"1084":{"start":{"line":1085,"column":0},"end":{"line":1085,"column":0}},"1085":{"start":{"line":1086,"co
[...]
line":504,"column":0},"end":{"line":504,"column":6}},"504":{"start":{"line":505,"column":0},"end":{"line":505,"column":0}},"505":{"start":{"line":506,"column":0},"end":{"line":506,"column":74}},"506":{"start":{"line":507,"column":0},"end":{"line":507,"column":18}},"507":{"start":{"line":508,"column":0},"end":{"line":508,"column":57}},"508":{"start":{"line":509,"column":0},"end":{"line":509,"column":20}},"509":{"start":{"line":510,"column":0},"end":{"line":510,"column":8}},"510":{"start":{"line":511,"column":0},"end":{"line":511,"column":12}},"511":{"start":{"line":512,"column":0},"end":{"line":512,"column":50}},"512":{"start":{"line":513,"column":0},"end":{"line":513,"column":0}},"513":{"start":{"line":514,"column":0},"end":{"line":514,"column":23}},"514":{"start":{"line":515,"column":0},"end":{"line":515,"column":20}},"515":{"start":{"line":516,"column":0},"end":{"line":516,"column":59}},"516":{"start":{"line":517,"column":0},"end":{"line":517,"column":22}},"517":{"start":{"line":518,"column":0},"end":{"line":518,"column":21}},"518":{"start":{"line":519,"column":0},"end":{"line":519,"column":10}},"519":{"start":{"line":520,"column":0},"end":{"line":520,"column":14}},"520":{"start":{"line":521,"column":0},"end":{"line":521,"column":20}},"521":{"start":{"line":522,"column":0},"end":{"line":522,"column":59}},"522":{"start":{"line":523,"column":0},"end":{"line":523,"column":22}},"523":{"start":{"line":524,"column":0},"end":{"line":524,"column":10}},"524":{"start":{"line":525,"column":0},"end":{"line":525,"column":7}},"525":{"start":{"line":526,"column":0},"end":{"line":526,"column":5}},"526":{"start":{"line":527,"column":0},"end":{"line":527,"column":3}},"527":{"start":{"line":528,"column":0},"end":{"line":528,"column":0}},"528":{"start":{"line":529,"column":0},"end":{"line":529,"column":20}},"529":{"start":{"line":530,"column":0},"end":{"line":530,"column":26}},"530":{"start":{"line":531,"column":0},"end":{"line":531,"column":25}},"531":{"start":{"line":532,"column":0},"end":{"line":532,"column":0}},"532":{"start":{"line":533,"column":0},"end":{"line":533,"column":19}},"533":{"start":{"line":534,"column":0},"end":{"line":534,"column":21}},"534":{"start":{"line":535,"column":0},"end":{"line":535,"column":28}},"535":{"start":{"line":536,"column":0},"end":{"line":536,"column":5}},"536":{"start":{"line":537,"column":0},"end":{"line":537,"column":0}},"537":{"start":{"line":538,"column":0},"end":{"line":538,"column":24}},"538":{"start":{"line":539,"column":0},"end":{"line":539,"column":18}},"539":{"start":{"line":540,"column":0},"end":{"line":540,"column":0}},"540":{"start":{"line":541,"column":0},"end":{"line":541,"column":19}},"541":{"start":{"line":542,"column":0},"end":{"line":542,"column":14}},"542":{"start":{"line":543,"column":0},"end":{"line":543,"column":0}},"543":{"start":{"line":544,"column":0},"end":{"line":544,"column":49}},"544":{"start":{"line":545,"column":0},"end":{"line":545,"column":59}},"545":{"start":{"line":546,"column":0},"end":{"line":546,"column":0}},"546":{"start":{"line":547,"column":0},"end":{"line":547,"column":66}},"547":{"start":{"line":548,"column":0},"end":{"line":548,"column":28}},"548":{"start":{"line":549,"column":0},"end":{"line":549,"column":5}},"549":{"start":{"line":550,"column":0},"end":{"line":550,"column":3}},"550":{"start":{"line":551,"column":0},"end":{"line":551,"column":2}},"551":{"start":{"line":552,"column":0},"end":{"line":552,"column":0}},"552":{"start":{"line":553,"column":0},"end":{"line":553,"column":33}},"553":{"start":{"line":554,"column":0},"end":{"line":554,"column":19}},"554":{"start":{"line":555,"column":0},"end":{"line":555,"column":0}},"555":{"start":{"line":556,"column":0},"end":{"line":556,"column":16}},"556":{"start":{"line":557,"column":0},"end":{"line":557,"column":8}},"557":{"start":{"line":558,"column":0},"end":{"line":558,"column":18}},"558":{"start":{"line":559,"column":0},"end":{"line":559,"column":67}},"559":{"start":{"line":560,"column":0},"end":{"line":560,"column":7}},"560":{"start":{"line":561,"column":0},"end":{"line":561,"column":18}},"561":{"start":{"line":562,"column":0},"end":{"line":562,"column":5}},"562":{"start":{"line":563,"column":0},"end":{"line":563,"column":0}},"563":{"start":{"line":564,"column":0},"end":{"line":564,"column":22}},"564":{"start":{"line":565,"column":0},"end":{"line":565,"column":3}},"565":{"start":{"line":566,"column":0},"end":{"line":566,"column":0}},"566":{"start":{"line":567,"column":0},"end":{"line":567,"column":15}},"567":{"start":{"line":568,"column":0},"end":{"line":568,"column":2}},"568":{"start":{"line":569,"column":0},"end":{"line":569,"column":0}},"569":{"start":{"line":570,"column":0},"end":{"line":570,"column":33}},"570":{"start":{"line":571,"column":0},"end":{"line":571,"column":55}},"571":{"start":{"line":572,"column":0},"end":{"line":572,"column":0}},"572":{"start":{"line":573,"column":0},"end":{"line":573,"column":21}},"573":{"start":{"line":574,"column":0},"end":{"line":574,"column":44}},"574":{"start":{"line":575,"column":0},"end":{"line":575,"column":10}},"575":{"start":{"line":576,"column":0},"end":{"line":576,"column":50}},"576":{"start":{"line":577,"column":0},"end":{"line":577,"column":0}},"577":{"start":{"line":578,"column":0},"end":{"line":578,"column":20}},"578":{"start":{"line":579,"column":0},"end":{"line":579,"column":47}},"579":{"start":{"line":580,"column":0},"end":{"line":580,"column":53}},"580":{"start":{"line":581,"column":0},"end":{"line":581,"column":12}},"581":{"start":{"line":582,"column":0},"end":{"line":582,"column":43}},"582":{"start":{"line":583,"column":0},"end":{"line":583,"column":5}},"583":{"start":{"line":584,"column":0},"end":{"line":584,"column":3}},"584":{"start":{"line":585,"column":0},"end":{"line":585,"column":2}},"585":{"start":{"line":586,"column":0},"end":{"line":586,"column":0}},"586":{"start":{"line":587,"column":0},"end":{"line":587,"column":8}},"587":{"start":{"line":588,"column":0},"end":{"line":588,"column":15}},"588":{"start":{"line":589,"column":0},"end":{"line":589,"column":19}},"589":{"start":{"line":590,"column":0},"end":{"line":590,"column":20}},"590":{"start":{"line":591,"column":0},"end":{"line":591,"column":15}},"591":{"start":{"line":592,"column":0},"end":{"line":592,"column":21}},"592":{"start":{"line":593,"column":0},"end":{"line":593,"column":15}},"593":{"start":{"line":594,"column":0},"end":{"line":594,"column":22}},"594":{"start":{"line":595,"column":0},"end":{"line":595,"column":2}}},"s":{"0":1,"1":1,"2":1,"3":1,"4":1,"5":1,"6":0,"7":0,"8":0,"9":0,"10":0,"11":0,"12":0,"13":0,"14":0,"15":0,"16":0,"17":0,"18":0,"19":0,"20":0,"21":0,"22":0,"23":1,"24":1,"25":0,"26":0,"27":0,"28":0,"29":0,"30":0,"31":0,"32":0,"33":0,"34":0,"35":0,"36":0,"37":0,"38":0,"39":0,"40":0,"41":0,"42":0,"43":1,"44":1,"45":0,"46":0,"47":0,"48":0,"49":0,"50":0,"51":0,"52":0,"53":0,"54":0,"55":0,"56":0,"57":0,"58":0,"59":0,"60":0,"61":0,"62":0,"63":0,"64":0,"65":0,"66":0,"67":0,"68":0,"69":0,"70":0,"71":0,"72":0,"73":0,"74":0,"75":0,"76":0,"77":0,"78":0,"79":0,"80":0,"81":0,"82":0,"83":0,"84":0,"85":0,"86":0,"87":0,"88":1,"89":1,"90":0,"91":0,"92":0,"93":0,"94":0,"95":0,"96":0,"97":0,"98":0,"99":0,"100":0,"101":0,"102":0,"103":0,"104":0,"105":0,"106":0,"107":0,"108":0,"109":0,"110":0,"111":0,"112":0,"113":0,"114":0,"115":0,"116":0,"117":1,"118":1,"119":0,"120":0,"121":0,"122":0,"123":0,"124":0,"125":0,"126":0,"127":0,"128":0,"129":0,"130":0,"131":0,"132":0,"133":0,"134":0,"135":0,"136":0,"137":0,"138":0,"139":0,"140":0,"141":0,"142":0,"143":0,"144":0,"145":0,"146":0,"147":0,"148":0,"149":0,"150":0,"151":0,"152":1,"153":1,"154":0,"155":0,"156":0,"157":0,"158":0,"159":0,"160":0,"161":0,"162":0,"163":0,"164":0,"165":0,"166":1,"167":1,"168":0,"169":0,"170":0,"171":0,"172":0,"173":0,"174":0,"175":0,"176":0,"177":0,"178":0,"179":0,"180":0,"181":0,"182":0,"183":0,"184":0,"185":0,"186":0,"187":0,"188":0,"189":0,"190":0,"191":0,"192":0,"193":0,"194":0,"195":0,"196":0,"197":0,"198":0,"199":0,"200":0,"201":0,"202":0,"203":0,"204":0,"205":0,"206":0,"207":0,"208":0,"209":0,"210":1,"211":1,"212":0,"213":0,"214":0,"215":0,"216":0,"217":0,"218":0,"219":0,"220":0,"221":0,"222":0,"223":0,"224":0,"225":0,"226":0,"227":0,"228":0,"229":0,"230":0,"231":0,"232":0,"233":0,"234":0,"235":0,"236":0,"237":0,"238":0,"239":0,"240":0,"241":0,"242":0,"243":0,"244":0,"245":0,"246":0,"247":0,"248":0,"249":0,"250":0,"251":0,"252":0,"253":0,"254":0,"255":0,"256":0,"257":0,"258":0,"259":0,"260":0,"261":0,"262":0,"263":0,"264":0,"265":1,"266":1,"267":0,"268":0,"269":0,"270":0,"271":1,"272":1,"273":0,"274":0,"275":0,"276":0,"277":0,"278":0,"279":0,"280":0,"281":0,"282":0,"283":0,"284":0,"285":0,"286":0,"287":1,"288":1,"289":0,"290":0,"291":1,"292":1,"293":0,"294":0,"295":0,"296":0,"297":0,"298":0,"299":0,"300":0,"301":0,"302":0,"303":0,"304":0,"305":0,"306":0,"307":0,"308":0,"309":0,"310":0,"311":0,"312":0,"313":0,"314":0,"315":0,"316":1,"317":1,"318":0,"319":0,"320":0,"321":0,"322":0,"323":0,"324":0,"325":0,"326":1,"327":1,"328":0,"329":0,"330":0,"331":0,"332":0,"333":0,"334":0,"335":0,"336":0,"337":0,"338":0,"339":0,"340":1,"341":1,"342":0,"343":0,"344":0,"345":0,"346":0,"347":0,"348":0,"349":0,"350":0,"351":0,"352":0,"353":0,"354":0,"355":0,"356":0,"357":0,"358":1,"359":1,"360":0,"361":0,"362":0,"363":0,"364":0,"365":0,"366":0,"367":1,"368":1,"369":0,"370":0,"371":0,"372":0,"373":0,"374":0,"375":0,"376":0,"377":0,"378":0,"379":0,"380":0,"381":0,"382":0,"383":0,"384":0,"385":0,"386":0,"387":0,"388":0,"389":0,"390":0,"391":0,"392":0,"393":0,"394":0,"395":0,"396":0,"397":0,"398":0,"399":0,"400":0,"401":0,"402":0,"403":0,"404":0,"405":0,"406":0,"407":0,"408":0,"409":0,"410":0,"411":0,"412":0,"413":0,"414":0,"415":0,"416":0,"417":0,"418":0,"419":0,"420":0,"421":0,"422":0,"423":0,"424":0,"425":0,"426":0,"427":0,"428":0,"429":0,"430":0,"431":0,"432":0,"433":0,"434":0,"435":0,"436":0,"437":0,"438":0,"439":0,"440":0,"441":0,"442":0,"443":0,"444":0,"445":0,"446":0,"447":0,"448":0,"449":0,"450":0,"451":0,"452":0,"453":0,"454":0,"455":0,"456":0,"457":0,"458":0,"459":0,"460":0,"461":0,"462":0,"463":0,"464":0,"465":0,"466":0,"467":0,"468":0,"469":1,"470":1,"471":0,"472":0,"473":0,"474":0,"475":0,"476":0,"477":0,"478":0,"479":0,"480":0,"481":0,"482":0,"483":0,"484":0,"485":0,"486":0,"487":0,"488":0,"489":0,"490":0,"491":0,"492":0,"493":0,"494":0,"495":0,"496":0,"497":0,"498":0,"499":0,"500":0,"501":0,"502":0,"503":0,"504":0,"505":0,"506":0,"507":0,"508":0,"509":0,"510":0,"511":0,"512":0,"513":0,"514":0,"515":0,"516":0,"517":0,"518":0,"519":0,"520":0,"521":0,"522":0,"523":0,"524":0,"525":0,"526":0,"527":0,"528":0,"529":0,"530":0,"531":0,"532":0,"533":0,"534":0,"535":0,"536":0,"537":0,"538":0,"539":0,"540":0,"541":0,"542":0,"543":0,"544":0,"545":0,"546":0,"547":0,"548":0,"549":0,"550":0,"551":1,"552":1,"553":0,"554":0,"555":0,"556":0,"557":0,"558":0,"559":0,"560":0,"561":0,"562":0,"563":0,"564":0,"565":0,"566":0,"567":0,"568":1,"569":1,"570":0,"571":0,"572":0,"573":0,"574":0,"575":0,"576":0,"577":0,"578":0,"579":0,"580":0,"581":0,"582":0,"583":0,"584":0,"585":1,"586":1,"587":1,"588":1,"589":1,"590":1,"591":1,"592":1,"593":1,"594":1},"branchMap":{},"b":{},"fnMap":{"0":{"name":"getFiberRoot","decl":{"start":{"line":6,"column":21},"end":{"line":23,"column":2}},"loc":{"start":{"line":6,"column":21},"end":{"line":23,"column":2}},"line":6},"1":{"name":"traverseFragment","decl":{"start":{"line":25,"column":25},"end":{"line":43,"column":2}},"loc":{"start":{"line":25,"column":25},"end":{"line":43,"column":2}},"line":25},"2":{"name":"cleanState","decl":{"start":{"line":45,"column":19},"end":{"line":88,"column":2}},"loc":{"start":{"line":45,"column":19},"end":{"line":88,"column":2}},"line":45},"3":{"name":"cleanProps","decl":{"start":{"line":90,"column":19},"end":{"line":117,"column":2}},"loc":{"start":{"line":90,"column":19},"end":{"line":117,"column":2}},"line":90},"4":{"name":"extractFiberData","decl":{"start":{"line":119,"column":25},"end":{"line":152,"column":2}},"loc":{"start":{"line":119,"column":25},"end":{"line":152,"column":2}},"line":119},"5":{"name":"logFiberTree","decl":{"start":{"line":154,"column":21},"end":{"line":166,"column":2}},"loc":{"start":{"line":154,"column":21},"end":{"line":166,"column":2}},"line":154},"6":{"name":"compareObjects","decl":{"start":{"line":168,"column":23},"end":{"line":210,"column":2}},"loc":{"start":{"line":168,"column":23},"end":{"line":210,"column":2}},"line":168},"7":{"name":"compareNodes","decl":{"start":{"line":212,"column":21},"end":{"line":265,"column":2}},"loc":{"start":{"line":212,"column":21},"end":{"line":265,"column":2}},"line":212},"8":{"name":"compareTrees","decl":{"start":{"line":267,"column":21},"end":{"line":271,"column":2}},"loc":{"start":{"line":267,"column":21},"end":{"line":271,"column":2}},"line":267},"9":{"name":"getCircularReplacer","decl":{"start":{"line":273,"column":28},"end":{"line":287,"column":2}},"loc":{"start":{"line":273,"column":28},"end":{"line":287,"column":2}},"line":273},"10":{"name":"colorize","decl":{"start":{"line":289,"column":17},"end":{"line":291,"column":2}},"loc":{"start":{"line":289,"column":17},"end":{"line":291,"column":2}},"line":289},"11":{"name":"findReactRootNode","decl":{"start":{"line":293,"column":26},"end":{"line":316,"column":2}},"loc":{"start":{"line":293,"column":26},"end":{"line":316,"column":2}},"line":293},"12":{"name":"findReactFiber","decl":{"start":{"line":318,"column":23},"end":{"line":326,"column":2}},"loc":{"start":{"line":318,"column":23},"end":{"line":326,"column":2}},"line":318},"13":{"name":"findHostComponent","decl":{"start":{"line":328,"column":26},"end":{"line":340,"column":2}},"loc":{"start":{"line":328,"column":26},"end":{"line":340,"column":2}},"line":328},"14":{"name":"simplifyPath","decl":{"start":{"line":342,"column":21},"end":{"line":358,"column":2}},"loc":{"start":{"line":342,"column":21},"end":{"line":358,"column":2}},"line":342},"15":{"name":"extractValues","decl":{"start":{"line":360,"column":22},"end":{"line":367,"column":2}},"loc":{"start":{"line":360,"column":22},"end":{"line":367,"column":2}},"line":360},"16":{"name":"printComponentTree","decl":{"start":{"line":369,"column":27},"end":{"line":469,"column":2}},"loc":{"start":{"line":369,"column":27},"end":{"line":469,"column":2}},"line":369},"17":{"name":"traverseFiberTree","decl":{"start":{"line":471,"column":26},"end":{"line":551,"column":2}},"loc":{"start":{"line":471,"column":26},"end":{"line":551,"column":2}},"line":471},"18":{"name":"findAppFiber","decl":{"start":{"line":553,"column":21},"end":{"line":568,"column":2}},"loc":{"start":{"line":553,"column":21},"end":{"line":568,"column":2}},"line":553},"19":{"name":"drawComponentTree","decl":{"start":{"line":570,"column":26},"end":{"line":585,"column":2}},"loc":{"start":{"line":570,"column":26},"end":{"line":585,"column":2}},"line":570}},"f":{"0":0,"1":0,"2":0,"3":0,"4":0,"5":0,"6":0,"7":0,"8":0,"9":0,"10":0,"11":0,"12":0,"13":0,"14":0,"15":0,"16":0,"17":0,"18":0,"19":0}}
,"/Users/moon/Desktop/Team Macos/con.chat/src/utils/element.js": {"path":"/Users/moon/Desktop/Team Macos/con.chat/src/utils/element.js","all":false,"statementMap":{"0":{"start":{"line":1,"column":0},"end":{"line":1,"column":31}},"1":{"start":{"line":2,"column":0},"end":{"line":2,"column":26}},"2":{"start":{"line":3,"column":0},"end":{"line":3,"column":33}},"3":{"start":{"line":4,"column":0},"end":{"line":4,"column":3}},"4":{"start":{"line":5,"column":0},"end":{"line":5,"column":34}},"5":{"start":{"line":6,"column":0},"end":{"line":6,"column":24}},"6":{"start":{"line":7,"column":0},"end":{"line":7,"column":3}},"7":{"start":{"line":8,"column":0},"end":{"line":8,"column":0}},"8":{"start":{"line":9,"column":0},"end":{"line":9,"column":16}},"9":{"start":{"line":10,"column":0},"end":{"line":10,"column":49}},"10":{"start":{"line":11,"column":0},"end":{"line":11,"column":0}},"11":{"start":{"line":12,"column":0},"end":{"line":12,"column":45}},"12":{"start":{"line":13,"column":0},"end":{"line":13,"column":32}},"13":{"start":{"line":14,"column":0},"end":{"line":14,"column":0}},"14":{"start":{"line":15,"column":0},"end":{"line":15,"column":30}},"15":{"start":{"line":16,"column":0},"end":{"line":16,"column":80}},"16":{"start":{"line":17,"column":0},"end":{"line":17,"column":5}},"17":{"start":{"line":18,"column":0},"end":{"line":18,"column":0}},"18":{"start":{"line":19,"column":0},"end":{"line":19,"column":72}},"19":{"start":{"line":20,"column":0},"end":{"line":20,"column":14}},"20":{"start":{"line":21,"column":0},"end":{"line":21,"column":5}},"21":{"start":{"line":22,"column":0},"end":{"line":22,"column":3}},"22":{"start":{"line":23,"column":0},"end":{"line":23,"column":0}},"23":{"start":{"line":24,"column":0},"end":{"line":24,"column":14}},"24":{"start":{"line":25,"column":0},"end":{"line":25,"column":2}},"25":{"start":{"line":26,"column":0},"end":{"line":26,"column":0}},"26":{"start":{"line":27,"column":0},"end":{"line":27,"column":38}},"27":{"start":{"line":28,"column":0},"end":{"line":28,"column":36}},"28":{"start":{"line":29,"column":0},"end":{"line":29,"column":10}},"29":{"start":{"line":30,"column":0},"end":{"line":30,"column":13}},"30":{"start":{"line":31,"column":0},"end":{"line":31,"column":9}},"31":{"start":{"line":32,"column":0},"end":{"line":32,"column":40}},"32":{"start":{"line":33,"column":0},"end":{"line":33,"column":9}},"33":{"start":{"line":34,"column":0},"end":{"line":34,"column":20}},"34":{"start":{"line":35,"column":0},"end":{"line":35,"column":0}},"35":{"start":{"line":36,"column":0},"end":{"line":36,"column":17}},"36":{"start":{"line":37,"column":0},"end":{"line":37,"column":2}},"37":{"start":{"line":38,"column":0},"end":{"line":38,"column":0}},"38":{"start":{"line":39,"column":0},"end":{"line":39,"column":39}}},"s":{"0":1,"1":0,"2":0,"3":0,"4":0,"5":0,"6":0,"7":0,"8":0,"9":0,"10":0,"11":0,"12":0,"13":0,"14":0,"15":0,"16":0,"17":0,"18":0,"19":0,"20":0,"21":0,"22":0,"23":0,"24":0,"25":1,"26":1,"27":0,"28":0,"29":0,"30":0,"31":0,"32":0,"33":0,"34":0,"35":0,"36":0,"37":1,"38":1},"branchMap":{},"b":{},"fnMap":{"0":{"name":"getXPath","decl":{"start":{"line":1,"column":17},"end":{"line":25,"column":2}},"loc":{"start":{"line":1,"column":17},"end":{"line":25,"column":2}},"line":1},"1":{"name":"getElementByXPath","decl":{"start":{"line":27,"column":26},"end":{"line":37,"column":2}},"loc":{"start":{"line":27,"column":26},"end":{"line":37,"column":2}},"line":27}},"f":{"0":0,"1":0}}
,"/Users/moon/Desktop/Team Macos/con.chat/src/utils/validation.js": {"path":"/Users/moon/Desktop/Team Macos/con.chat/src/utils/validation.js","all":false,"statementMap":{"0":{"start":{"line":1,"column":0},"end":{"line":1,"column":35}},"1":{"start":{"line":2,"column":0},"end":{"line":2,"column":53}},"2":{"start":{"line":3,"column":0},"end":{"line":3,"column":41}},"3":{"start":{"line":4,"column":0},"end":{"line":4,"column":0}},"4":{"start":{"line":5,"column":0},"end":{"line":5,"column":39}},"5":{"start":{"line":6,"column":0},"end":{"line":6,"column":2}},"6":{"start":{"line":7,"column":0},"end":{"line":7,"column":0}},"7":{"start":{"line":8,"column":0},"end":{"line":8,"column":39}},"8":{"start":{"line":9,"column":0},"end":{"line":9,"column":75}},"9":{"start":{"line":10,"column":0},"end":{"line":10,"column":0}},"10":{"start":{"line":11,"column":0},"end":{"line":11,"column":52}},"11":{"start":{"line":12,"column":0},"end":{"line":12,"column":2}},"12":{"start":{"line":13,"column":0},"end":{"line":13,"column":0}},"13":{"start":{"line":14,"column":0},"end":{"line":14,"column":39}}},"s":{"0":1,"1":0,"2":0,"3":0,"4":0,"5":0,"6":1,"7":1,"8":0,"9":0,"10":0,"11":0,"12":1,"13":1},"branchMap":{},"b":{},"fnMap":{"0":{"name":"isValidCSS","decl":{"start":{"line":1,"column":19},"end":{"line":6,"column":2}},"loc":{"start":{"line":1,"column":19},"end":{"line":6,"column":2}},"line":1},"1":{"name":"isValidPosition","decl":{"start":{"line":8,"column":24},"end":{"line":12,"column":2}},"loc":{"start":{"line":8,"column":24},"end":{"line":12,"column":2}},"line":8}},"f":{"0":0,"1":0}}
}
